{"/home/anushkai/Desktop/Training/code/redux/fullStack/app.js": {"path":"/home/anushkai/Desktop/Training/code/redux/fullStack/app.js","statementMap":{"0":{"start":{"line":1,"column":16},"end":{"line":1,"column":34}},"1":{"start":{"line":2,"column":17},"end":{"line":2,"column":36}},"2":{"start":{"line":3,"column":19},"end":{"line":3,"column":41}},"3":{"start":{"line":4,"column":13},"end":{"line":4,"column":28}},"4":{"start":{"line":6,"column":14},"end":{"line":6,"column":43}},"5":{"start":{"line":7,"column":14},"end":{"line":7,"column":43}},"6":{"start":{"line":8,"column":13},"end":{"line":8,"column":41}},"7":{"start":{"line":9,"column":21},"end":{"line":9,"column":45}},"8":{"start":{"line":11,"column":12},"end":{"line":11,"column":21}},"9":{"start":{"line":13,"column":0},"end":{"line":13,"column":24}},"10":{"start":{"line":16,"column":0},"end":{"line":16,"column":27}},"11":{"start":{"line":20,"column":9},"end":{"line":20,"column":11}},"12":{"start":{"line":22,"column":0},"end":{"line":26,"column":1}},"13":{"start":{"line":23,"column":2},"end":{"line":23,"column":41}},"14":{"start":{"line":25,"column":2},"end":{"line":25,"column":41}},"15":{"start":{"line":30,"column":0},"end":{"line":33,"column":34}},"16":{"start":{"line":32,"column":14},"end":{"line":32,"column":48}},"17":{"start":{"line":33,"column":16},"end":{"line":33,"column":32}},"18":{"start":{"line":36,"column":0},"end":{"line":36,"column":29}},"19":{"start":{"line":37,"column":0},"end":{"line":37,"column":29}},"20":{"start":{"line":38,"column":0},"end":{"line":38,"column":27}},"21":{"start":{"line":41,"column":0},"end":{"line":47,"column":1}},"22":{"start":{"line":43,"column":2},"end":{"line":43,"column":42}},"23":{"start":{"line":44,"column":2},"end":{"line":46,"column":5}},"24":{"start":{"line":45,"column":4},"end":{"line":45,"column":76}},"25":{"start":{"line":49,"column":0},"end":{"line":49,"column":21}}},"fnMap":{"0":{"name":"(anonymous_0)","decl":{"start":{"line":32,"column":8},"end":{"line":32,"column":9}},"loc":{"start":{"line":32,"column":14},"end":{"line":32,"column":48}},"line":32},"1":{"name":"(anonymous_1)","decl":{"start":{"line":33,"column":9},"end":{"line":33,"column":10}},"loc":{"start":{"line":33,"column":16},"end":{"line":33,"column":32}},"line":33},"2":{"name":"(anonymous_2)","decl":{"start":{"line":44,"column":16},"end":{"line":44,"column":17}},"loc":{"start":{"line":44,"column":30},"end":{"line":46,"column":3}},"line":44}},"branchMap":{"0":{"loc":{"start":{"line":22,"column":0},"end":{"line":26,"column":1}},"type":"if","locations":[{"start":{"line":22,"column":0},"end":{"line":26,"column":1}},{"start":{"line":22,"column":0},"end":{"line":26,"column":1}}],"line":22},"1":{"loc":{"start":{"line":41,"column":0},"end":{"line":47,"column":1}},"type":"if","locations":[{"start":{"line":41,"column":0},"end":{"line":47,"column":1}},{"start":{"line":41,"column":0},"end":{"line":47,"column":1}}],"line":41}},"s":{"0":1,"1":1,"2":1,"3":1,"4":1,"5":1,"6":1,"7":1,"8":1,"9":1,"10":1,"11":1,"12":1,"13":1,"14":0,"15":1,"16":1,"17":0,"18":1,"19":1,"20":1,"21":1,"22":0,"23":0,"24":0,"25":1},"f":{"0":1,"1":0,"2":0},"b":{"0":[1,0],"1":[0,1]},"_coverageSchema":"43e27e138ebf9cfc5966b082cf9a028302ed4184","hash":"35b9c3fe0931072382dfae291820ed7f0ff1d224"}
,"/home/anushkai/Desktop/Training/code/redux/fullStack/config/keys.js": {"path":"/home/anushkai/Desktop/Training/code/redux/fullStack/config/keys.js","statementMap":{"0":{"start":{"line":1,"column":0},"end":{"line":6,"column":2}}},"fnMap":{},"branchMap":{},"s":{"0":1},"f":{},"b":{},"_coverageSchema":"43e27e138ebf9cfc5966b082cf9a028302ed4184","hash":"700983575a16548a14d75c291fedbe7ac8ffa2b1"}
,"/home/anushkai/Desktop/Training/code/redux/fullStack/models/Cart.js": {"path":"/home/anushkai/Desktop/Training/code/redux/fullStack/models/Cart.js","statementMap":{"0":{"start":{"line":1,"column":17},"end":{"line":1,"column":36}},"1":{"start":{"line":2,"column":15},"end":{"line":2,"column":30}},"2":{"start":{"line":3,"column":13},"end":{"line":3,"column":30}},"3":{"start":{"line":6,"column":19},"end":{"line":19,"column":2}},"4":{"start":{"line":21,"column":0},"end":{"line":21,"column":52}}},"fnMap":{},"branchMap":{},"s":{"0":1,"1":1,"2":1,"3":1,"4":1},"f":{},"b":{},"_coverageSchema":"43e27e138ebf9cfc5966b082cf9a028302ed4184","hash":"e4377fba5aa5496bc027347e9b06750b64af952c"}
,"/home/anushkai/Desktop/Training/code/redux/fullStack/models/Item.js": {"path":"/home/anushkai/Desktop/Training/code/redux/fullStack/models/Item.js","statementMap":{"0":{"start":{"line":1,"column":17},"end":{"line":1,"column":36}},"1":{"start":{"line":2,"column":15},"end":{"line":2,"column":30}},"2":{"start":{"line":5,"column":19},"end":{"line":31,"column":2}},"3":{"start":{"line":33,"column":0},"end":{"line":33,"column":59}}},"fnMap":{},"branchMap":{},"s":{"0":1,"1":1,"2":1,"3":1},"f":{},"b":{},"_coverageSchema":"43e27e138ebf9cfc5966b082cf9a028302ed4184","hash":"b4c178d9fc52c5109b31a7e6c89691741233f09c"}
,"/home/anushkai/Desktop/Training/code/redux/fullStack/models/User.js": {"path":"/home/anushkai/Desktop/Training/code/redux/fullStack/models/User.js","statementMap":{"0":{"start":{"line":1,"column":17},"end":{"line":1,"column":36}},"1":{"start":{"line":2,"column":13},"end":{"line":2,"column":30}},"2":{"start":{"line":4,"column":19},"end":{"line":35,"column":2}},"3":{"start":{"line":37,"column":0},"end":{"line":37,"column":52}}},"fnMap":{},"branchMap":{},"s":{"0":1,"1":1,"2":1,"3":1},"f":{},"b":{},"_coverageSchema":"43e27e138ebf9cfc5966b082cf9a028302ed4184","hash":"abb7e522907b93f9ebb6f8e314cdfb765098b974"}
,"/home/anushkai/Desktop/Training/code/redux/fullStack/routes/api/carts.js": {"path":"/home/anushkai/Desktop/Training/code/redux/fullStack/routes/api/carts.js","statementMap":{"0":{"start":{"line":1,"column":16},"end":{"line":1,"column":34}},"1":{"start":{"line":2,"column":15},"end":{"line":2,"column":31}},"2":{"start":{"line":3,"column":17},"end":{"line":3,"column":36}},"3":{"start":{"line":4,"column":15},"end":{"line":4,"column":30}},"4":{"start":{"line":8,"column":13},"end":{"line":8,"column":41}},"5":{"start":{"line":10,"column":23},"end":{"line":10,"column":54}},"6":{"start":{"line":11,"column":18},"end":{"line":11,"column":53}},"7":{"start":{"line":12,"column":18},"end":{"line":12,"column":53}},"8":{"start":{"line":17,"column":0},"end":{"line":17,"column":66}},"9":{"start":{"line":22,"column":0},"end":{"line":22,"column":68}},"10":{"start":{"line":27,"column":0},"end":{"line":32,"column":2}},"11":{"start":{"line":37,"column":0},"end":{"line":42,"column":2}},"12":{"start":{"line":47,"column":0},"end":{"line":47,"column":71}},"13":{"start":{"line":49,"column":0},"end":{"line":49,"column":24}}},"fnMap":{},"branchMap":{},"s":{"0":1,"1":1,"2":1,"3":1,"4":1,"5":1,"6":1,"7":1,"8":1,"9":1,"10":1,"11":1,"12":1,"13":1},"f":{},"b":{},"_coverageSchema":"43e27e138ebf9cfc5966b082cf9a028302ed4184","hash":"59c82876d01e449a86d267692167e19fb07586ad"}
,"/home/anushkai/Desktop/Training/code/redux/fullStack/routes/api/items.js": {"path":"/home/anushkai/Desktop/Training/code/redux/fullStack/routes/api/items.js","statementMap":{"0":{"start":{"line":1,"column":16},"end":{"line":1,"column":34}},"1":{"start":{"line":2,"column":15},"end":{"line":2,"column":31}},"2":{"start":{"line":5,"column":13},"end":{"line":5,"column":41}},"3":{"start":{"line":6,"column":18},"end":{"line":6,"column":53}},"4":{"start":{"line":8,"column":23},"end":{"line":8,"column":54}},"5":{"start":{"line":13,"column":0},"end":{"line":13,"column":56}},"6":{"start":{"line":18,"column":0},"end":{"line":18,"column":58}},"7":{"start":{"line":23,"column":0},"end":{"line":23,"column":62}},"8":{"start":{"line":25,"column":0},"end":{"line":25,"column":24}}},"fnMap":{},"branchMap":{},"s":{"0":1,"1":1,"2":1,"3":1,"4":1,"5":1,"6":1,"7":1,"8":1},"f":{},"b":{},"_coverageSchema":"43e27e138ebf9cfc5966b082cf9a028302ed4184","hash":"4087c8b41c3be0c025366b741edae577bbfc3bb9"}
,"/home/anushkai/Desktop/Training/code/redux/fullStack/routes/api/user.js": {"path":"/home/anushkai/Desktop/Training/code/redux/fullStack/routes/api/user.js","statementMap":{"0":{"start":{"line":1,"column":16},"end":{"line":1,"column":34}},"1":{"start":{"line":2,"column":15},"end":{"line":2,"column":31}},"2":{"start":{"line":3,"column":17},"end":{"line":3,"column":36}},"3":{"start":{"line":4,"column":15},"end":{"line":4,"column":30}},"4":{"start":{"line":5,"column":13},"end":{"line":5,"column":41}},"5":{"start":{"line":9,"column":23},"end":{"line":9,"column":53}},"6":{"start":{"line":10,"column":18},"end":{"line":10,"column":53}},"7":{"start":{"line":11,"column":18},"end":{"line":11,"column":53}},"8":{"start":{"line":16,"column":0},"end":{"line":16,"column":51}},"9":{"start":{"line":21,"column":0},"end":{"line":21,"column":49}},"10":{"start":{"line":26,"column":0},"end":{"line":28,"column":3}},"11":{"start":{"line":27,"column":2},"end":{"line":27,"column":42}},"12":{"start":{"line":33,"column":0},"end":{"line":35,"column":3}},"13":{"start":{"line":34,"column":2},"end":{"line":34,"column":42}},"14":{"start":{"line":40,"column":0},"end":{"line":40,"column":63}},"15":{"start":{"line":45,"column":0},"end":{"line":49,"column":3}},"16":{"start":{"line":46,"column":2},"end":{"line":48,"column":60}},"17":{"start":{"line":47,"column":18},"end":{"line":47,"column":61}},"18":{"start":{"line":48,"column":18},"end":{"line":48,"column":58}},"19":{"start":{"line":54,"column":0},"end":{"line":54,"column":76}},"20":{"start":{"line":59,"column":0},"end":{"line":59,"column":74}},"21":{"start":{"line":64,"column":0},"end":{"line":69,"column":2}},"22":{"start":{"line":74,"column":0},"end":{"line":74,"column":68}},"23":{"start":{"line":76,"column":0},"end":{"line":76,"column":24}}},"fnMap":{"0":{"name":"(anonymous_0)","decl":{"start":{"line":26,"column":37},"end":{"line":26,"column":38}},"loc":{"start":{"line":26,"column":51},"end":{"line":28,"column":1}},"line":26},"1":{"name":"(anonymous_1)","decl":{"start":{"line":33,"column":48},"end":{"line":33,"column":49}},"loc":{"start":{"line":33,"column":62},"end":{"line":35,"column":1}},"line":33},"2":{"name":"(anonymous_2)","decl":{"start":{"line":45,"column":31},"end":{"line":45,"column":32}},"loc":{"start":{"line":45,"column":45},"end":{"line":49,"column":1}},"line":45},"3":{"name":"(anonymous_3)","decl":{"start":{"line":47,"column":10},"end":{"line":47,"column":11}},"loc":{"start":{"line":47,"column":18},"end":{"line":47,"column":61}},"line":47},"4":{"name":"(anonymous_4)","decl":{"start":{"line":48,"column":11},"end":{"line":48,"column":12}},"loc":{"start":{"line":48,"column":18},"end":{"line":48,"column":58}},"line":48}},"branchMap":{},"s":{"0":1,"1":1,"2":1,"3":1,"4":1,"5":1,"6":1,"7":1,"8":1,"9":1,"10":1,"11":1,"12":1,"13":0,"14":1,"15":1,"16":1,"17":1,"18":0,"19":1,"20":1,"21":1,"22":1,"23":1},"f":{"0":1,"1":0,"2":1,"3":1,"4":0},"b":{},"_coverageSchema":"43e27e138ebf9cfc5966b082cf9a028302ed4184","hash":"cb22e594879e4fd20ca04082227c3d4716c0ddbf"}
,"/home/anushkai/Desktop/Training/code/redux/fullStack/routes/controllers/carts.js": {"path":"/home/anushkai/Desktop/Training/code/redux/fullStack/routes/controllers/carts.js","statementMap":{"0":{"start":{"line":1,"column":17},"end":{"line":1,"column":36}},"1":{"start":{"line":3,"column":15},"end":{"line":3,"column":30}},"2":{"start":{"line":4,"column":13},"end":{"line":4,"column":41}},"3":{"start":{"line":6,"column":0},"end":{"line":11,"column":2}},"4":{"start":{"line":7,"column":2},"end":{"line":10,"column":60}},"5":{"start":{"line":9,"column":19},"end":{"line":9,"column":46}},"6":{"start":{"line":10,"column":18},"end":{"line":10,"column":58}},"7":{"start":{"line":13,"column":0},"end":{"line":65,"column":2}},"8":{"start":{"line":14,"column":2},"end":{"line":64,"column":3}},"9":{"start":{"line":19,"column":4},"end":{"line":61,"column":7}},"10":{"start":{"line":20,"column":6},"end":{"line":60,"column":7}},"11":{"start":{"line":21,"column":8},"end":{"line":21,"column":25}},"12":{"start":{"line":22,"column":8},"end":{"line":22,"column":15}},"13":{"start":{"line":23,"column":13},"end":{"line":60,"column":7}},"14":{"start":{"line":24,"column":8},"end":{"line":24,"column":56}},"15":{"start":{"line":26,"column":19},"end":{"line":26,"column":24}},"16":{"start":{"line":27,"column":20},"end":{"line":27,"column":21}},"17":{"start":{"line":28,"column":17},"end":{"line":28,"column":18}},"18":{"start":{"line":29,"column":8},"end":{"line":35,"column":9}},"19":{"start":{"line":30,"column":10},"end":{"line":33,"column":11}},"20":{"start":{"line":31,"column":12},"end":{"line":31,"column":24}},"21":{"start":{"line":32,"column":12},"end":{"line":32,"column":23}},"22":{"start":{"line":34,"column":10},"end":{"line":34,"column":28}},"23":{"start":{"line":36,"column":8},"end":{"line":59,"column":9}},"24":{"start":{"line":37,"column":10},"end":{"line":37,"column":48}},"25":{"start":{"line":38,"column":10},"end":{"line":46,"column":68}},"26":{"start":{"line":41,"column":14},"end":{"line":43,"column":58}},"27":{"start":{"line":43,"column":30},"end":{"line":43,"column":56}},"28":{"start":{"line":46,"column":26},"end":{"line":46,"column":66}},"29":{"start":{"line":48,"column":24},"end":{"line":48,"column":68}},"30":{"start":{"line":49,"column":10},"end":{"line":49,"column":35}},"31":{"start":{"line":50,"column":10},"end":{"line":58,"column":68}},"32":{"start":{"line":53,"column":14},"end":{"line":55,"column":58}},"33":{"start":{"line":55,"column":30},"end":{"line":55,"column":56}},"34":{"start":{"line":58,"column":26},"end":{"line":58,"column":66}},"35":{"start":{"line":63,"column":4},"end":{"line":63,"column":52}},"36":{"start":{"line":67,"column":0},"end":{"line":80,"column":2}},"37":{"start":{"line":68,"column":2},"end":{"line":79,"column":3}},"38":{"start":{"line":69,"column":4},"end":{"line":74,"column":61}},"39":{"start":{"line":73,"column":18},"end":{"line":73,"column":57}},"40":{"start":{"line":74,"column":19},"end":{"line":74,"column":59}},"41":{"start":{"line":76,"column":4},"end":{"line":78,"column":62}},"42":{"start":{"line":82,"column":0},"end":{"line":108,"column":2}},"43":{"start":{"line":83,"column":2},"end":{"line":107,"column":5}},"44":{"start":{"line":84,"column":4},"end":{"line":106,"column":5}},"45":{"start":{"line":90,"column":6},"end":{"line":105,"column":63}},"46":{"start":{"line":99,"column":10},"end":{"line":103,"column":11}},"47":{"start":{"line":100,"column":12},"end":{"line":100,"column":52}},"48":{"start":{"line":102,"column":12},"end":{"line":102,"column":53}},"49":{"start":{"line":105,"column":21},"end":{"line":105,"column":61}},"50":{"start":{"line":110,"column":0},"end":{"line":125,"column":2}},"51":{"start":{"line":111,"column":2},"end":{"line":124,"column":60}},"52":{"start":{"line":112,"column":4},"end":{"line":120,"column":5}},"53":{"start":{"line":118,"column":6},"end":{"line":118,"column":22}},"54":{"start":{"line":119,"column":6},"end":{"line":119,"column":18}},"55":{"start":{"line":122,"column":16},"end":{"line":122,"column":55}},"56":{"start":{"line":124,"column":18},"end":{"line":124,"column":58}}},"fnMap":{"0":{"name":"(anonymous_0)","decl":{"start":{"line":6,"column":19},"end":{"line":6,"column":20}},"loc":{"start":{"line":6,"column":33},"end":{"line":11,"column":1}},"line":6},"1":{"name":"(anonymous_1)","decl":{"start":{"line":9,"column":10},"end":{"line":9,"column":11}},"loc":{"start":{"line":9,"column":19},"end":{"line":9,"column":46}},"line":9},"2":{"name":"(anonymous_2)","decl":{"start":{"line":10,"column":11},"end":{"line":10,"column":12}},"loc":{"start":{"line":10,"column":18},"end":{"line":10,"column":58}},"line":10},"3":{"name":"(anonymous_3)","decl":{"start":{"line":13,"column":23},"end":{"line":13,"column":24}},"loc":{"start":{"line":13,"column":37},"end":{"line":65,"column":1}},"line":13},"4":{"name":"(anonymous_4)","decl":{"start":{"line":19,"column":32},"end":{"line":19,"column":33}},"loc":{"start":{"line":19,"column":52},"end":{"line":61,"column":5}},"line":19},"5":{"name":"(anonymous_5)","decl":{"start":{"line":40,"column":18},"end":{"line":40,"column":19}},"loc":{"start":{"line":40,"column":29},"end":{"line":44,"column":13}},"line":40},"6":{"name":"(anonymous_6)","decl":{"start":{"line":43,"column":22},"end":{"line":43,"column":23}},"loc":{"start":{"line":43,"column":30},"end":{"line":43,"column":56}},"line":43},"7":{"name":"(anonymous_7)","decl":{"start":{"line":46,"column":19},"end":{"line":46,"column":20}},"loc":{"start":{"line":46,"column":26},"end":{"line":46,"column":66}},"line":46},"8":{"name":"(anonymous_8)","decl":{"start":{"line":52,"column":18},"end":{"line":52,"column":19}},"loc":{"start":{"line":52,"column":29},"end":{"line":56,"column":13}},"line":52},"9":{"name":"(anonymous_9)","decl":{"start":{"line":55,"column":22},"end":{"line":55,"column":23}},"loc":{"start":{"line":55,"column":30},"end":{"line":55,"column":56}},"line":55},"10":{"name":"(anonymous_10)","decl":{"start":{"line":58,"column":19},"end":{"line":58,"column":20}},"loc":{"start":{"line":58,"column":26},"end":{"line":58,"column":66}},"line":58},"11":{"name":"(anonymous_11)","decl":{"start":{"line":67,"column":27},"end":{"line":67,"column":28}},"loc":{"start":{"line":67,"column":41},"end":{"line":80,"column":1}},"line":67},"12":{"name":"(anonymous_12)","decl":{"start":{"line":73,"column":12},"end":{"line":73,"column":13}},"loc":{"start":{"line":73,"column":18},"end":{"line":73,"column":57}},"line":73},"13":{"name":"(anonymous_13)","decl":{"start":{"line":74,"column":13},"end":{"line":74,"column":14}},"loc":{"start":{"line":74,"column":19},"end":{"line":74,"column":59}},"line":74},"14":{"name":"(anonymous_14)","decl":{"start":{"line":82,"column":26},"end":{"line":82,"column":27}},"loc":{"start":{"line":82,"column":40},"end":{"line":108,"column":1}},"line":82},"15":{"name":"(anonymous_15)","decl":{"start":{"line":83,"column":31},"end":{"line":83,"column":32}},"loc":{"start":{"line":83,"column":51},"end":{"line":107,"column":3}},"line":83},"16":{"name":"(anonymous_16)","decl":{"start":{"line":98,"column":14},"end":{"line":98,"column":15}},"loc":{"start":{"line":98,"column":24},"end":{"line":104,"column":9}},"line":98},"17":{"name":"(anonymous_17)","decl":{"start":{"line":105,"column":15},"end":{"line":105,"column":16}},"loc":{"start":{"line":105,"column":21},"end":{"line":105,"column":61}},"line":105},"18":{"name":"(anonymous_18)","decl":{"start":{"line":110,"column":21},"end":{"line":110,"column":22}},"loc":{"start":{"line":110,"column":35},"end":{"line":125,"column":1}},"line":110},"19":{"name":"(anonymous_19)","decl":{"start":{"line":111,"column":31},"end":{"line":111,"column":32}},"loc":{"start":{"line":111,"column":51},"end":{"line":121,"column":3}},"line":111},"20":{"name":"(anonymous_20)","decl":{"start":{"line":122,"column":10},"end":{"line":122,"column":11}},"loc":{"start":{"line":122,"column":16},"end":{"line":122,"column":55}},"line":122},"21":{"name":"(anonymous_21)","decl":{"start":{"line":124,"column":11},"end":{"line":124,"column":12}},"loc":{"start":{"line":124,"column":18},"end":{"line":124,"column":58}},"line":124}},"branchMap":{"0":{"loc":{"start":{"line":14,"column":2},"end":{"line":64,"column":3}},"type":"if","locations":[{"start":{"line":14,"column":2},"end":{"line":64,"column":3}},{"start":{"line":14,"column":2},"end":{"line":64,"column":3}}],"line":14},"1":{"loc":{"start":{"line":15,"column":4},"end":{"line":17,"column":34}},"type":"binary-expr","locations":[{"start":{"line":15,"column":4},"end":{"line":15,"column":34}},{"start":{"line":16,"column":4},"end":{"line":16,"column":36}},{"start":{"line":17,"column":4},"end":{"line":17,"column":34}}],"line":15},"2":{"loc":{"start":{"line":20,"column":6},"end":{"line":60,"column":7}},"type":"if","locations":[{"start":{"line":20,"column":6},"end":{"line":60,"column":7}},{"start":{"line":20,"column":6},"end":{"line":60,"column":7}}],"line":20},"3":{"loc":{"start":{"line":23,"column":13},"end":{"line":60,"column":7}},"type":"if","locations":[{"start":{"line":23,"column":13},"end":{"line":60,"column":7}},{"start":{"line":23,"column":13},"end":{"line":60,"column":7}}],"line":23},"4":{"loc":{"start":{"line":30,"column":10},"end":{"line":33,"column":11}},"type":"if","locations":[{"start":{"line":30,"column":10},"end":{"line":33,"column":11}},{"start":{"line":30,"column":10},"end":{"line":33,"column":11}}],"line":30},"5":{"loc":{"start":{"line":36,"column":8},"end":{"line":59,"column":9}},"type":"if","locations":[{"start":{"line":36,"column":8},"end":{"line":59,"column":9}},{"start":{"line":36,"column":8},"end":{"line":59,"column":9}}],"line":36},"6":{"loc":{"start":{"line":68,"column":2},"end":{"line":79,"column":3}},"type":"if","locations":[{"start":{"line":68,"column":2},"end":{"line":79,"column":3}},{"start":{"line":68,"column":2},"end":{"line":79,"column":3}}],"line":68},"7":{"loc":{"start":{"line":68,"column":6},"end":{"line":68,"column":55}},"type":"binary-expr","locations":[{"start":{"line":68,"column":6},"end":{"line":68,"column":30}},{"start":{"line":68,"column":34},"end":{"line":68,"column":55}}],"line":68},"8":{"loc":{"start":{"line":84,"column":4},"end":{"line":106,"column":5}},"type":"if","locations":[{"start":{"line":84,"column":4},"end":{"line":106,"column":5}},{"start":{"line":84,"column":4},"end":{"line":106,"column":5}}],"line":84},"9":{"loc":{"start":{"line":99,"column":10},"end":{"line":103,"column":11}},"type":"if","locations":[{"start":{"line":99,"column":10},"end":{"line":103,"column":11}},{"start":{"line":99,"column":10},"end":{"line":103,"column":11}}],"line":99},"10":{"loc":{"start":{"line":112,"column":4},"end":{"line":120,"column":5}},"type":"if","locations":[{"start":{"line":112,"column":4},"end":{"line":120,"column":5}},{"start":{"line":112,"column":4},"end":{"line":120,"column":5}}],"line":112}},"s":{"0":1,"1":1,"2":1,"3":1,"4":1,"5":1,"6":0,"7":1,"8":5,"9":4,"10":4,"11":0,"12":0,"13":4,"14":1,"15":3,"16":3,"17":3,"18":3,"19":2,"20":1,"21":1,"22":2,"23":3,"24":1,"25":1,"26":1,"27":1,"28":0,"29":2,"30":2,"31":2,"32":2,"33":2,"34":0,"35":1,"36":1,"37":3,"38":2,"39":1,"40":1,"41":1,"42":1,"43":2,"44":2,"45":2,"46":2,"47":1,"48":1,"49":0,"50":1,"51":1,"52":1,"53":1,"54":1,"55":1,"56":0},"f":{"0":1,"1":1,"2":0,"3":5,"4":4,"5":1,"6":1,"7":0,"8":2,"9":2,"10":0,"11":3,"12":1,"13":1,"14":2,"15":2,"16":2,"17":0,"18":1,"19":1,"20":1,"21":0},"b":{"0":[4,1],"1":[5,5,4],"2":[0,4],"3":[1,3],"4":[1,1],"5":[1,2],"6":[2,1],"7":[3,2],"8":[0,2],"9":[1,1],"10":[0,1]},"_coverageSchema":"43e27e138ebf9cfc5966b082cf9a028302ed4184","hash":"67bb5e26420cebf2e63cedfc63ccac211ca14403"}
,"/home/anushkai/Desktop/Training/code/redux/fullStack/routes/controllers/items.js": {"path":"/home/anushkai/Desktop/Training/code/redux/fullStack/routes/controllers/items.js","statementMap":{"0":{"start":{"line":1,"column":17},"end":{"line":1,"column":36}},"1":{"start":{"line":2,"column":13},"end":{"line":2,"column":41}},"2":{"start":{"line":4,"column":0},"end":{"line":9,"column":2}},"3":{"start":{"line":5,"column":2},"end":{"line":8,"column":60}},"4":{"start":{"line":7,"column":19},"end":{"line":7,"column":46}},"5":{"start":{"line":8,"column":18},"end":{"line":8,"column":58}},"6":{"start":{"line":11,"column":0},"end":{"line":24,"column":2}},"7":{"start":{"line":12,"column":18},"end":{"line":18,"column":4}},"8":{"start":{"line":20,"column":2},"end":{"line":23,"column":60}},"9":{"start":{"line":22,"column":18},"end":{"line":22,"column":44}},"10":{"start":{"line":23,"column":18},"end":{"line":23,"column":58}},"11":{"start":{"line":26,"column":0},"end":{"line":32,"column":2}},"12":{"start":{"line":27,"column":2},"end":{"line":31,"column":60}},"13":{"start":{"line":29,"column":6},"end":{"line":29,"column":71}},"14":{"start":{"line":29,"column":31},"end":{"line":29,"column":70}},"15":{"start":{"line":31,"column":18},"end":{"line":31,"column":58}}},"fnMap":{"0":{"name":"(anonymous_0)","decl":{"start":{"line":4,"column":23},"end":{"line":4,"column":24}},"loc":{"start":{"line":4,"column":37},"end":{"line":9,"column":1}},"line":4},"1":{"name":"(anonymous_1)","decl":{"start":{"line":7,"column":10},"end":{"line":7,"column":11}},"loc":{"start":{"line":7,"column":19},"end":{"line":7,"column":46}},"line":7},"2":{"name":"(anonymous_2)","decl":{"start":{"line":8,"column":11},"end":{"line":8,"column":12}},"loc":{"start":{"line":8,"column":18},"end":{"line":8,"column":58}},"line":8},"3":{"name":"(anonymous_3)","decl":{"start":{"line":11,"column":24},"end":{"line":11,"column":25}},"loc":{"start":{"line":11,"column":38},"end":{"line":24,"column":1}},"line":11},"4":{"name":"(anonymous_4)","decl":{"start":{"line":22,"column":10},"end":{"line":22,"column":11}},"loc":{"start":{"line":22,"column":18},"end":{"line":22,"column":44}},"line":22},"5":{"name":"(anonymous_5)","decl":{"start":{"line":23,"column":11},"end":{"line":23,"column":12}},"loc":{"start":{"line":23,"column":18},"end":{"line":23,"column":58}},"line":23},"6":{"name":"(anonymous_6)","decl":{"start":{"line":26,"column":23},"end":{"line":26,"column":24}},"loc":{"start":{"line":26,"column":37},"end":{"line":32,"column":1}},"line":26},"7":{"name":"(anonymous_7)","decl":{"start":{"line":28,"column":10},"end":{"line":28,"column":11}},"loc":{"start":{"line":29,"column":6},"end":{"line":29,"column":71}},"line":29},"8":{"name":"(anonymous_8)","decl":{"start":{"line":29,"column":25},"end":{"line":29,"column":26}},"loc":{"start":{"line":29,"column":31},"end":{"line":29,"column":70}},"line":29},"9":{"name":"(anonymous_9)","decl":{"start":{"line":31,"column":11},"end":{"line":31,"column":12}},"loc":{"start":{"line":31,"column":18},"end":{"line":31,"column":58}},"line":31}},"branchMap":{},"s":{"0":1,"1":1,"2":1,"3":2,"4":2,"5":0,"6":1,"7":1,"8":1,"9":1,"10":0,"11":1,"12":2,"13":1,"14":1,"15":1},"f":{"0":2,"1":2,"2":0,"3":1,"4":1,"5":0,"6":2,"7":1,"8":1,"9":1},"b":{},"_coverageSchema":"43e27e138ebf9cfc5966b082cf9a028302ed4184","hash":"4a43797869736eb92cb573740dac855ed1035da4"}
,"/home/anushkai/Desktop/Training/code/redux/fullStack/routes/controllers/user.js": {"path":"/home/anushkai/Desktop/Training/code/redux/fullStack/routes/controllers/user.js","statementMap":{"0":{"start":{"line":1,"column":17},"end":{"line":1,"column":36}},"1":{"start":{"line":2,"column":15},"end":{"line":2,"column":32}},"2":{"start":{"line":3,"column":12},"end":{"line":3,"column":35}},"3":{"start":{"line":5,"column":15},"end":{"line":5,"column":30}},"4":{"start":{"line":7,"column":13},"end":{"line":7,"column":41}},"5":{"start":{"line":8,"column":13},"end":{"line":8,"column":41}},"6":{"start":{"line":10,"column":16},"end":{"line":10,"column":52}},"7":{"start":{"line":12,"column":0},"end":{"line":49,"column":2}},"8":{"start":{"line":13,"column":2},"end":{"line":48,"column":7}},"9":{"start":{"line":16,"column":6},"end":{"line":47,"column":7}},"10":{"start":{"line":17,"column":8},"end":{"line":19,"column":11}},"11":{"start":{"line":21,"column":8},"end":{"line":46,"column":11}},"12":{"start":{"line":22,"column":10},"end":{"line":45,"column":11}},"13":{"start":{"line":23,"column":12},"end":{"line":25,"column":15}},"14":{"start":{"line":27,"column":25},"end":{"line":32,"column":14}},"15":{"start":{"line":33,"column":12},"end":{"line":44,"column":17}},"16":{"start":{"line":36,"column":16},"end":{"line":38,"column":19}},"17":{"start":{"line":41,"column":16},"end":{"line":43,"column":19}},"18":{"start":{"line":51,"column":0},"end":{"line":56,"column":2}},"19":{"start":{"line":52,"column":2},"end":{"line":55,"column":28}},"20":{"start":{"line":58,"column":0},"end":{"line":65,"column":2}},"21":{"start":{"line":59,"column":2},"end":{"line":64,"column":59}},"22":{"start":{"line":63,"column":16},"end":{"line":63,"column":55}},"23":{"start":{"line":64,"column":17},"end":{"line":64,"column":57}},"24":{"start":{"line":67,"column":0},"end":{"line":90,"column":2}},"25":{"start":{"line":68,"column":2},"end":{"line":89,"column":60}},"26":{"start":{"line":69,"column":4},"end":{"line":87,"column":5}},"27":{"start":{"line":70,"column":6},"end":{"line":70,"column":23}},"28":{"start":{"line":71,"column":6},"end":{"line":71,"column":54}},"29":{"start":{"line":72,"column":11},"end":{"line":87,"column":5}},"30":{"start":{"line":73,"column":6},"end":{"line":73,"column":47}},"31":{"start":{"line":75,"column":22},"end":{"line":78,"column":8}},"32":{"start":{"line":79,"column":6},"end":{"line":79,"column":21}},"33":{"start":{"line":80,"column":6},"end":{"line":80,"column":37}},"34":{"start":{"line":81,"column":6},"end":{"line":85,"column":9}},"35":{"start":{"line":86,"column":6},"end":{"line":86,"column":66}},"36":{"start":{"line":86,"column":31},"end":{"line":86,"column":64}},"37":{"start":{"line":89,"column":18},"end":{"line":89,"column":58}},"38":{"start":{"line":92,"column":0},"end":{"line":114,"column":2}},"39":{"start":{"line":93,"column":2},"end":{"line":113,"column":5}},"40":{"start":{"line":94,"column":4},"end":{"line":112,"column":5}},"41":{"start":{"line":99,"column":6},"end":{"line":99,"column":13}},"42":{"start":{"line":101,"column":6},"end":{"line":111,"column":64}},"43":{"start":{"line":102,"column":8},"end":{"line":109,"column":11}},"44":{"start":{"line":103,"column":10},"end":{"line":108,"column":13}},"45":{"start":{"line":107,"column":12},"end":{"line":107,"column":76}},"46":{"start":{"line":107,"column":35},"end":{"line":107,"column":74}},"47":{"start":{"line":111,"column":22},"end":{"line":111,"column":62}},"48":{"start":{"line":116,"column":0},"end":{"line":156,"column":2}},"49":{"start":{"line":117,"column":2},"end":{"line":155,"column":7}},"50":{"start":{"line":120,"column":6},"end":{"line":124,"column":7}},"51":{"start":{"line":121,"column":8},"end":{"line":123,"column":11}},"52":{"start":{"line":125,"column":6},"end":{"line":146,"column":9}},"53":{"start":{"line":126,"column":8},"end":{"line":131,"column":9}},"54":{"start":{"line":132,"column":8},"end":{"line":142,"column":9}},"55":{"start":{"line":133,"column":24},"end":{"line":140,"column":11}},"56":{"start":{"line":141,"column":10},"end":{"line":141,"column":80}},"57":{"start":{"line":143,"column":8},"end":{"line":145,"column":11}},"58":{"start":{"line":158,"column":0},"end":{"line":175,"column":2}},"59":{"start":{"line":159,"column":2},"end":{"line":174,"column":7}},"60":{"start":{"line":162,"column":6},"end":{"line":162,"column":50}},"61":{"start":{"line":163,"column":6},"end":{"line":165,"column":9}}},"fnMap":{"0":{"name":"(anonymous_0)","decl":{"start":{"line":12,"column":22},"end":{"line":12,"column":23}},"loc":{"start":{"line":12,"column":36},"end":{"line":49,"column":1}},"line":12},"1":{"name":"(anonymous_1)","decl":{"start":{"line":15,"column":10},"end":{"line":15,"column":11}},"loc":{"start":{"line":15,"column":18},"end":{"line":48,"column":5}},"line":15},"2":{"name":"(anonymous_2)","decl":{"start":{"line":21,"column":43},"end":{"line":21,"column":44}},"loc":{"start":{"line":21,"column":58},"end":{"line":46,"column":9}},"line":21},"3":{"name":"(anonymous_3)","decl":{"start":{"line":35,"column":20},"end":{"line":35,"column":21}},"loc":{"start":{"line":35,"column":30},"end":{"line":39,"column":15}},"line":35},"4":{"name":"(anonymous_4)","decl":{"start":{"line":40,"column":21},"end":{"line":40,"column":22}},"loc":{"start":{"line":40,"column":28},"end":{"line":44,"column":15}},"line":40},"5":{"name":"(anonymous_5)","decl":{"start":{"line":51,"column":23},"end":{"line":51,"column":24}},"loc":{"start":{"line":51,"column":37},"end":{"line":56,"column":1}},"line":51},"6":{"name":"(anonymous_6)","decl":{"start":{"line":58,"column":28},"end":{"line":58,"column":29}},"loc":{"start":{"line":58,"column":42},"end":{"line":65,"column":1}},"line":58},"7":{"name":"(anonymous_7)","decl":{"start":{"line":63,"column":10},"end":{"line":63,"column":11}},"loc":{"start":{"line":63,"column":16},"end":{"line":63,"column":55}},"line":63},"8":{"name":"(anonymous_8)","decl":{"start":{"line":64,"column":11},"end":{"line":64,"column":12}},"loc":{"start":{"line":64,"column":17},"end":{"line":64,"column":57}},"line":64},"9":{"name":"(anonymous_9)","decl":{"start":{"line":67,"column":28},"end":{"line":67,"column":29}},"loc":{"start":{"line":67,"column":42},"end":{"line":90,"column":1}},"line":67},"10":{"name":"(anonymous_10)","decl":{"start":{"line":68,"column":46},"end":{"line":68,"column":47}},"loc":{"start":{"line":68,"column":61},"end":{"line":89,"column":3}},"line":68},"11":{"name":"(anonymous_11)","decl":{"start":{"line":86,"column":23},"end":{"line":86,"column":24}},"loc":{"start":{"line":86,"column":31},"end":{"line":86,"column":64}},"line":86},"12":{"name":"(anonymous_12)","decl":{"start":{"line":89,"column":11},"end":{"line":89,"column":12}},"loc":{"start":{"line":89,"column":18},"end":{"line":89,"column":58}},"line":89},"13":{"name":"(anonymous_13)","decl":{"start":{"line":92,"column":28},"end":{"line":92,"column":29}},"loc":{"start":{"line":92,"column":42},"end":{"line":114,"column":1}},"line":92},"14":{"name":"(anonymous_14)","decl":{"start":{"line":93,"column":46},"end":{"line":93,"column":47}},"loc":{"start":{"line":93,"column":61},"end":{"line":113,"column":3}},"line":93},"15":{"name":"(anonymous_15)","decl":{"start":{"line":101,"column":43},"end":{"line":101,"column":44}},"loc":{"start":{"line":101,"column":58},"end":{"line":111,"column":7}},"line":101},"16":{"name":"(anonymous_16)","decl":{"start":{"line":102,"column":27},"end":{"line":102,"column":28}},"loc":{"start":{"line":102,"column":33},"end":{"line":109,"column":9}},"line":102},"17":{"name":"(anonymous_17)","decl":{"start":{"line":106,"column":17},"end":{"line":106,"column":18}},"loc":{"start":{"line":106,"column":23},"end":{"line":108,"column":11}},"line":106},"18":{"name":"(anonymous_18)","decl":{"start":{"line":107,"column":29},"end":{"line":107,"column":30}},"loc":{"start":{"line":107,"column":35},"end":{"line":107,"column":74}},"line":107},"19":{"name":"(anonymous_19)","decl":{"start":{"line":111,"column":15},"end":{"line":111,"column":16}},"loc":{"start":{"line":111,"column":22},"end":{"line":111,"column":62}},"line":111},"20":{"name":"(anonymous_20)","decl":{"start":{"line":116,"column":21},"end":{"line":116,"column":22}},"loc":{"start":{"line":116,"column":35},"end":{"line":156,"column":1}},"line":116},"21":{"name":"(anonymous_21)","decl":{"start":{"line":119,"column":10},"end":{"line":119,"column":11}},"loc":{"start":{"line":119,"column":18},"end":{"line":147,"column":5}},"line":119},"22":{"name":"(anonymous_22)","decl":{"start":{"line":125,"column":58},"end":{"line":125,"column":59}},"loc":{"start":{"line":125,"column":75},"end":{"line":146,"column":7}},"line":125},"23":{"name":"(anonymous_23)","decl":{"start":{"line":148,"column":11},"end":{"line":148,"column":12}},"loc":{"start":{"line":148,"column":18},"end":{"line":155,"column":5}},"line":148},"24":{"name":"(anonymous_24)","decl":{"start":{"line":158,"column":22},"end":{"line":158,"column":23}},"loc":{"start":{"line":158,"column":36},"end":{"line":175,"column":1}},"line":158},"25":{"name":"(anonymous_25)","decl":{"start":{"line":161,"column":10},"end":{"line":161,"column":11}},"loc":{"start":{"line":161,"column":20},"end":{"line":166,"column":5}},"line":161},"26":{"name":"(anonymous_26)","decl":{"start":{"line":167,"column":11},"end":{"line":167,"column":12}},"loc":{"start":{"line":167,"column":18},"end":{"line":174,"column":5}},"line":167}},"branchMap":{"0":{"loc":{"start":{"line":16,"column":6},"end":{"line":47,"column":7}},"type":"if","locations":[{"start":{"line":16,"column":6},"end":{"line":47,"column":7}},{"start":{"line":16,"column":6},"end":{"line":47,"column":7}}],"line":16},"1":{"loc":{"start":{"line":22,"column":10},"end":{"line":45,"column":11}},"type":"if","locations":[{"start":{"line":22,"column":10},"end":{"line":45,"column":11}},{"start":{"line":22,"column":10},"end":{"line":45,"column":11}}],"line":22},"2":{"loc":{"start":{"line":69,"column":4},"end":{"line":87,"column":5}},"type":"if","locations":[{"start":{"line":69,"column":4},"end":{"line":87,"column":5}},{"start":{"line":69,"column":4},"end":{"line":87,"column":5}}],"line":69},"3":{"loc":{"start":{"line":72,"column":11},"end":{"line":87,"column":5}},"type":"if","locations":[{"start":{"line":72,"column":11},"end":{"line":87,"column":5}},{"start":{"line":72,"column":11},"end":{"line":87,"column":5}}],"line":72},"4":{"loc":{"start":{"line":94,"column":4},"end":{"line":112,"column":5}},"type":"if","locations":[{"start":{"line":94,"column":4},"end":{"line":112,"column":5}},{"start":{"line":94,"column":4},"end":{"line":112,"column":5}}],"line":94},"5":{"loc":{"start":{"line":120,"column":6},"end":{"line":124,"column":7}},"type":"if","locations":[{"start":{"line":120,"column":6},"end":{"line":124,"column":7}},{"start":{"line":120,"column":6},"end":{"line":124,"column":7}}],"line":120},"6":{"loc":{"start":{"line":126,"column":8},"end":{"line":131,"column":9}},"type":"if","locations":[{"start":{"line":126,"column":8},"end":{"line":131,"column":9}},{"start":{"line":126,"column":8},"end":{"line":131,"column":9}}],"line":126},"7":{"loc":{"start":{"line":132,"column":8},"end":{"line":142,"column":9}},"type":"if","locations":[{"start":{"line":132,"column":8},"end":{"line":142,"column":9}},{"start":{"line":132,"column":8},"end":{"line":142,"column":9}}],"line":132}},"s":{"0":1,"1":1,"2":1,"3":1,"4":1,"5":1,"6":1,"7":1,"8":3,"9":3,"10":1,"11":2,"12":2,"13":0,"14":2,"15":2,"16":1,"17":1,"18":1,"19":0,"20":1,"21":0,"22":0,"23":0,"24":1,"25":2,"26":2,"27":0,"28":0,"29":2,"30":1,"31":1,"32":1,"33":1,"34":1,"35":1,"36":1,"37":0,"38":1,"39":1,"40":1,"41":0,"42":1,"43":1,"44":1,"45":1,"46":1,"47":0,"48":1,"49":4,"50":4,"51":1,"52":3,"53":3,"54":3,"55":2,"56":2,"57":1,"58":1,"59":1,"60":1,"61":1},"f":{"0":3,"1":3,"2":2,"3":1,"4":1,"5":0,"6":0,"7":0,"8":0,"9":2,"10":2,"11":1,"12":0,"13":1,"14":1,"15":1,"16":1,"17":1,"18":1,"19":0,"20":4,"21":4,"22":3,"23":0,"24":1,"25":1,"26":0},"b":{"0":[1,2],"1":[0,2],"2":[0,2],"3":[1,1],"4":[0,1],"5":[1,3],"6":[0,3],"7":[2,1]},"_coverageSchema":"43e27e138ebf9cfc5966b082cf9a028302ed4184","hash":"9e2e9ff405e05cd54d123783e5f6719d9adcbe47"}
,"/home/anushkai/Desktop/Training/code/redux/fullStack/routes/middleware/check-auth.js": {"path":"/home/anushkai/Desktop/Training/code/redux/fullStack/routes/middleware/check-auth.js","statementMap":{"0":{"start":{"line":1,"column":12},"end":{"line":1,"column":35}},"1":{"start":{"line":2,"column":16},"end":{"line":2,"column":52}},"2":{"start":{"line":3,"column":17},"end":{"line":3,"column":36}},"3":{"start":{"line":4,"column":15},"end":{"line":4,"column":32}},"4":{"start":{"line":8,"column":0},"end":{"line":21,"column":2}},"5":{"start":{"line":9,"column":2},"end":{"line":20,"column":3}},"6":{"start":{"line":11,"column":6},"end":{"line":14,"column":23}},"7":{"start":{"line":15,"column":20},"end":{"line":15,"column":46}},"8":{"start":{"line":16,"column":4},"end":{"line":16,"column":27}},"9":{"start":{"line":17,"column":4},"end":{"line":17,"column":11}},"10":{"start":{"line":19,"column":4},"end":{"line":19,"column":52}}},"fnMap":{"0":{"name":"(anonymous_0)","decl":{"start":{"line":8,"column":17},"end":{"line":8,"column":18}},"loc":{"start":{"line":8,"column":37},"end":{"line":21,"column":1}},"line":8}},"branchMap":{"0":{"loc":{"start":{"line":11,"column":6},"end":{"line":14,"column":23}},"type":"binary-expr","locations":[{"start":{"line":11,"column":6},"end":{"line":11,"column":20}},{"start":{"line":12,"column":6},"end":{"line":12,"column":21}},{"start":{"line":13,"column":6},"end":{"line":13,"column":35}},{"start":{"line":14,"column":6},"end":{"line":14,"column":23}}],"line":11}},"s":{"0":1,"1":1,"2":1,"3":1,"4":1,"5":29,"6":29,"7":29,"8":26,"9":26,"10":3},"f":{"0":29},"b":{"0":[29,3,3,3]},"_coverageSchema":"43e27e138ebf9cfc5966b082cf9a028302ed4184","hash":"6862835e23ef5da0bd8bb880b7870709f53117f8"}
,"/home/anushkai/Desktop/Training/code/redux/fullStack/routes/middleware/check-user.js": {"path":"/home/anushkai/Desktop/Training/code/redux/fullStack/routes/middleware/check-user.js","statementMap":{"0":{"start":{"line":1,"column":12},"end":{"line":1,"column":35}},"1":{"start":{"line":2,"column":16},"end":{"line":2,"column":52}},"2":{"start":{"line":3,"column":17},"end":{"line":3,"column":36}},"3":{"start":{"line":4,"column":15},"end":{"line":4,"column":32}},"4":{"start":{"line":6,"column":15},"end":{"line":6,"column":30}},"5":{"start":{"line":7,"column":13},"end":{"line":7,"column":41}},"6":{"start":{"line":11,"column":0},"end":{"line":27,"column":2}},"7":{"start":{"line":12,"column":13},"end":{"line":12,"column":42}},"8":{"start":{"line":13,"column":13},"end":{"line":13,"column":31}},"9":{"start":{"line":14,"column":2},"end":{"line":26,"column":5}},"10":{"start":{"line":15,"column":20},"end":{"line":15,"column":25}},"11":{"start":{"line":16,"column":4},"end":{"line":20,"column":5}},"12":{"start":{"line":17,"column":6},"end":{"line":19,"column":7}},"13":{"start":{"line":18,"column":8},"end":{"line":18,"column":25}},"14":{"start":{"line":21,"column":4},"end":{"line":25,"column":5}},"15":{"start":{"line":22,"column":6},"end":{"line":22,"column":13}},"16":{"start":{"line":24,"column":6},"end":{"line":24,"column":47}}},"fnMap":{"0":{"name":"(anonymous_0)","decl":{"start":{"line":11,"column":17},"end":{"line":11,"column":18}},"loc":{"start":{"line":11,"column":37},"end":{"line":27,"column":1}},"line":11},"1":{"name":"(anonymous_1)","decl":{"start":{"line":14,"column":35},"end":{"line":14,"column":36}},"loc":{"start":{"line":14,"column":43},"end":{"line":26,"column":3}},"line":14}},"branchMap":{"0":{"loc":{"start":{"line":12,"column":13},"end":{"line":12,"column":42}},"type":"binary-expr","locations":[{"start":{"line":12,"column":13},"end":{"line":12,"column":26}},{"start":{"line":12,"column":30},"end":{"line":12,"column":42}}],"line":12},"1":{"loc":{"start":{"line":17,"column":6},"end":{"line":19,"column":7}},"type":"if","locations":[{"start":{"line":17,"column":6},"end":{"line":19,"column":7}},{"start":{"line":17,"column":6},"end":{"line":19,"column":7}}],"line":17},"2":{"loc":{"start":{"line":21,"column":4},"end":{"line":25,"column":5}},"type":"if","locations":[{"start":{"line":21,"column":4},"end":{"line":25,"column":5}},{"start":{"line":21,"column":4},"end":{"line":25,"column":5}}],"line":21}},"s":{"0":1,"1":1,"2":1,"3":1,"4":1,"5":1,"6":1,"7":16,"8":16,"9":16,"10":16,"11":16,"12":49,"13":13,"14":16,"15":13,"16":3},"f":{"0":16,"1":16},"b":{"0":[16,6],"1":[13,36],"2":[13,3]},"_coverageSchema":"43e27e138ebf9cfc5966b082cf9a028302ed4184","hash":"59005b99c25ef21befc28dee3e3d5c9e981565bd"}
}
