{"/home/anushkai/Desktop/Training/code/redux/fullStack/app.js": {"path":"/home/anushkai/Desktop/Training/code/redux/fullStack/app.js","statementMap":{"0":{"start":{"line":1,"column":16},"end":{"line":1,"column":34}},"1":{"start":{"line":2,"column":17},"end":{"line":2,"column":36}},"2":{"start":{"line":3,"column":19},"end":{"line":3,"column":41}},"3":{"start":{"line":4,"column":13},"end":{"line":4,"column":28}},"4":{"start":{"line":6,"column":14},"end":{"line":6,"column":43}},"5":{"start":{"line":7,"column":14},"end":{"line":7,"column":43}},"6":{"start":{"line":8,"column":13},"end":{"line":8,"column":41}},"7":{"start":{"line":9,"column":21},"end":{"line":9,"column":45}},"8":{"start":{"line":11,"column":12},"end":{"line":11,"column":21}},"9":{"start":{"line":13,"column":0},"end":{"line":13,"column":24}},"10":{"start":{"line":16,"column":0},"end":{"line":16,"column":27}},"11":{"start":{"line":20,"column":11},"end":{"line":20,"column":44}},"12":{"start":{"line":24,"column":0},"end":{"line":27,"column":34}},"13":{"start":{"line":26,"column":14},"end":{"line":26,"column":48}},"14":{"start":{"line":27,"column":16},"end":{"line":27,"column":32}},"15":{"start":{"line":30,"column":0},"end":{"line":30,"column":29}},"16":{"start":{"line":31,"column":0},"end":{"line":31,"column":29}},"17":{"start":{"line":32,"column":0},"end":{"line":32,"column":27}},"18":{"start":{"line":35,"column":0},"end":{"line":41,"column":1}},"19":{"start":{"line":37,"column":2},"end":{"line":37,"column":42}},"20":{"start":{"line":38,"column":2},"end":{"line":40,"column":5}},"21":{"start":{"line":39,"column":4},"end":{"line":39,"column":76}},"22":{"start":{"line":43,"column":0},"end":{"line":43,"column":21}}},"fnMap":{"0":{"name":"(anonymous_0)","decl":{"start":{"line":26,"column":8},"end":{"line":26,"column":9}},"loc":{"start":{"line":26,"column":14},"end":{"line":26,"column":48}},"line":26},"1":{"name":"(anonymous_1)","decl":{"start":{"line":27,"column":9},"end":{"line":27,"column":10}},"loc":{"start":{"line":27,"column":16},"end":{"line":27,"column":32}},"line":27},"2":{"name":"(anonymous_2)","decl":{"start":{"line":38,"column":15},"end":{"line":38,"column":16}},"loc":{"start":{"line":38,"column":29},"end":{"line":40,"column":3}},"line":38}},"branchMap":{"0":{"loc":{"start":{"line":35,"column":0},"end":{"line":41,"column":1}},"type":"if","locations":[{"start":{"line":35,"column":0},"end":{"line":41,"column":1}},{"start":{"line":35,"column":0},"end":{"line":41,"column":1}}],"line":35}},"s":{"0":1,"1":1,"2":1,"3":1,"4":1,"5":1,"6":1,"7":1,"8":1,"9":1,"10":1,"11":1,"12":1,"13":1,"14":0,"15":1,"16":1,"17":1,"18":1,"19":0,"20":0,"21":0,"22":1},"f":{"0":1,"1":0,"2":0},"b":{"0":[0,1]},"_coverageSchema":"43e27e138ebf9cfc5966b082cf9a028302ed4184","hash":"f18c928682842c6367a42555c5cabe5b102960ff"}
,"/home/anushkai/Desktop/Training/code/redux/fullStack/config/keys.js": {"path":"/home/anushkai/Desktop/Training/code/redux/fullStack/config/keys.js","statementMap":{"0":{"start":{"line":1,"column":0},"end":{"line":5,"column":2}}},"fnMap":{},"branchMap":{},"s":{"0":1},"f":{},"b":{},"_coverageSchema":"43e27e138ebf9cfc5966b082cf9a028302ed4184","hash":"ac8f533030ac80468adc00a81295d43c3022d1da"}
,"/home/anushkai/Desktop/Training/code/redux/fullStack/models/Cart.js": {"path":"/home/anushkai/Desktop/Training/code/redux/fullStack/models/Cart.js","statementMap":{"0":{"start":{"line":1,"column":17},"end":{"line":1,"column":36}},"1":{"start":{"line":2,"column":15},"end":{"line":2,"column":30}},"2":{"start":{"line":3,"column":13},"end":{"line":3,"column":30}},"3":{"start":{"line":6,"column":19},"end":{"line":19,"column":2}},"4":{"start":{"line":21,"column":0},"end":{"line":21,"column":52}}},"fnMap":{},"branchMap":{},"s":{"0":1,"1":1,"2":1,"3":1,"4":1},"f":{},"b":{},"_coverageSchema":"43e27e138ebf9cfc5966b082cf9a028302ed4184","hash":"e4377fba5aa5496bc027347e9b06750b64af952c"}
,"/home/anushkai/Desktop/Training/code/redux/fullStack/models/Item.js": {"path":"/home/anushkai/Desktop/Training/code/redux/fullStack/models/Item.js","statementMap":{"0":{"start":{"line":1,"column":17},"end":{"line":1,"column":36}},"1":{"start":{"line":2,"column":15},"end":{"line":2,"column":30}},"2":{"start":{"line":5,"column":19},"end":{"line":27,"column":2}},"3":{"start":{"line":29,"column":0},"end":{"line":29,"column":59}}},"fnMap":{},"branchMap":{},"s":{"0":1,"1":1,"2":1,"3":1},"f":{},"b":{},"_coverageSchema":"43e27e138ebf9cfc5966b082cf9a028302ed4184","hash":"dc965514dfaabd00a7274b26fa4a83781c4b32b5"}
,"/home/anushkai/Desktop/Training/code/redux/fullStack/models/User.js": {"path":"/home/anushkai/Desktop/Training/code/redux/fullStack/models/User.js","statementMap":{"0":{"start":{"line":1,"column":17},"end":{"line":1,"column":36}},"1":{"start":{"line":2,"column":13},"end":{"line":2,"column":30}},"2":{"start":{"line":4,"column":19},"end":{"line":35,"column":2}},"3":{"start":{"line":37,"column":0},"end":{"line":37,"column":52}}},"fnMap":{},"branchMap":{},"s":{"0":1,"1":1,"2":1,"3":1},"f":{},"b":{},"_coverageSchema":"43e27e138ebf9cfc5966b082cf9a028302ed4184","hash":"abb7e522907b93f9ebb6f8e314cdfb765098b974"}
,"/home/anushkai/Desktop/Training/code/redux/fullStack/routes/api/carts.js": {"path":"/home/anushkai/Desktop/Training/code/redux/fullStack/routes/api/carts.js","statementMap":{"0":{"start":{"line":1,"column":16},"end":{"line":1,"column":34}},"1":{"start":{"line":2,"column":15},"end":{"line":2,"column":31}},"2":{"start":{"line":3,"column":17},"end":{"line":3,"column":36}},"3":{"start":{"line":4,"column":15},"end":{"line":4,"column":30}},"4":{"start":{"line":8,"column":13},"end":{"line":8,"column":41}},"5":{"start":{"line":9,"column":18},"end":{"line":9,"column":53}},"6":{"start":{"line":10,"column":18},"end":{"line":10,"column":53}},"7":{"start":{"line":12,"column":0},"end":{"line":17,"column":3}},"8":{"start":{"line":13,"column":2},"end":{"line":16,"column":60}},"9":{"start":{"line":15,"column":19},"end":{"line":15,"column":46}},"10":{"start":{"line":16,"column":18},"end":{"line":16,"column":58}},"11":{"start":{"line":19,"column":0},"end":{"line":66,"column":3}},"12":{"start":{"line":20,"column":2},"end":{"line":65,"column":3}},"13":{"start":{"line":25,"column":4},"end":{"line":62,"column":7}},"14":{"start":{"line":26,"column":6},"end":{"line":61,"column":7}},"15":{"start":{"line":27,"column":8},"end":{"line":27,"column":25}},"16":{"start":{"line":28,"column":8},"end":{"line":28,"column":15}},"17":{"start":{"line":29,"column":13},"end":{"line":61,"column":7}},"18":{"start":{"line":30,"column":8},"end":{"line":30,"column":56}},"19":{"start":{"line":32,"column":19},"end":{"line":32,"column":24}},"20":{"start":{"line":33,"column":20},"end":{"line":33,"column":21}},"21":{"start":{"line":34,"column":17},"end":{"line":34,"column":18}},"22":{"start":{"line":35,"column":8},"end":{"line":41,"column":9}},"23":{"start":{"line":36,"column":10},"end":{"line":39,"column":11}},"24":{"start":{"line":37,"column":12},"end":{"line":37,"column":24}},"25":{"start":{"line":38,"column":12},"end":{"line":38,"column":23}},"26":{"start":{"line":40,"column":10},"end":{"line":40,"column":28}},"27":{"start":{"line":42,"column":8},"end":{"line":60,"column":9}},"28":{"start":{"line":43,"column":10},"end":{"line":43,"column":48}},"29":{"start":{"line":44,"column":10},"end":{"line":48,"column":13}},"30":{"start":{"line":45,"column":12},"end":{"line":47,"column":56}},"31":{"start":{"line":47,"column":28},"end":{"line":47,"column":54}},"32":{"start":{"line":50,"column":24},"end":{"line":50,"column":68}},"33":{"start":{"line":51,"column":10},"end":{"line":51,"column":35}},"34":{"start":{"line":52,"column":10},"end":{"line":59,"column":68}},"35":{"start":{"line":55,"column":14},"end":{"line":57,"column":58}},"36":{"start":{"line":57,"column":30},"end":{"line":57,"column":56}},"37":{"start":{"line":59,"column":26},"end":{"line":59,"column":66}},"38":{"start":{"line":64,"column":4},"end":{"line":64,"column":20}},"39":{"start":{"line":68,"column":0},"end":{"line":81,"column":3}},"40":{"start":{"line":69,"column":2},"end":{"line":80,"column":3}},"41":{"start":{"line":70,"column":4},"end":{"line":75,"column":61}},"42":{"start":{"line":74,"column":18},"end":{"line":74,"column":57}},"43":{"start":{"line":75,"column":19},"end":{"line":75,"column":59}},"44":{"start":{"line":77,"column":4},"end":{"line":79,"column":62}},"45":{"start":{"line":83,"column":0},"end":{"line":106,"column":3}},"46":{"start":{"line":84,"column":2},"end":{"line":105,"column":5}},"47":{"start":{"line":85,"column":4},"end":{"line":104,"column":5}},"48":{"start":{"line":86,"column":6},"end":{"line":86,"column":47}},"49":{"start":{"line":87,"column":6},"end":{"line":87,"column":13}},"50":{"start":{"line":89,"column":6},"end":{"line":103,"column":8}},"51":{"start":{"line":97,"column":10},"end":{"line":101,"column":11}},"52":{"start":{"line":98,"column":12},"end":{"line":98,"column":53}},"53":{"start":{"line":100,"column":12},"end":{"line":100,"column":52}},"54":{"start":{"line":108,"column":0},"end":{"line":120,"column":3}},"55":{"start":{"line":109,"column":2},"end":{"line":119,"column":60}},"56":{"start":{"line":110,"column":4},"end":{"line":116,"column":5}},"57":{"start":{"line":111,"column":6},"end":{"line":111,"column":47}},"58":{"start":{"line":112,"column":6},"end":{"line":112,"column":13}},"59":{"start":{"line":114,"column":6},"end":{"line":114,"column":22}},"60":{"start":{"line":115,"column":6},"end":{"line":115,"column":18}},"61":{"start":{"line":118,"column":16},"end":{"line":118,"column":43}},"62":{"start":{"line":119,"column":18},"end":{"line":119,"column":58}},"63":{"start":{"line":122,"column":0},"end":{"line":122,"column":24}}},"fnMap":{"0":{"name":"(anonymous_0)","decl":{"start":{"line":12,"column":41},"end":{"line":12,"column":42}},"loc":{"start":{"line":12,"column":55},"end":{"line":17,"column":1}},"line":12},"1":{"name":"(anonymous_1)","decl":{"start":{"line":15,"column":10},"end":{"line":15,"column":11}},"loc":{"start":{"line":15,"column":19},"end":{"line":15,"column":46}},"line":15},"2":{"name":"(anonymous_2)","decl":{"start":{"line":16,"column":11},"end":{"line":16,"column":12}},"loc":{"start":{"line":16,"column":18},"end":{"line":16,"column":58}},"line":16},"3":{"name":"(anonymous_3)","decl":{"start":{"line":19,"column":39},"end":{"line":19,"column":40}},"loc":{"start":{"line":19,"column":53},"end":{"line":66,"column":1}},"line":19},"4":{"name":"(anonymous_4)","decl":{"start":{"line":25,"column":32},"end":{"line":25,"column":33}},"loc":{"start":{"line":25,"column":52},"end":{"line":62,"column":5}},"line":25},"5":{"name":"(anonymous_5)","decl":{"start":{"line":44,"column":27},"end":{"line":44,"column":28}},"loc":{"start":{"line":44,"column":38},"end":{"line":48,"column":11}},"line":44},"6":{"name":"(anonymous_6)","decl":{"start":{"line":47,"column":20},"end":{"line":47,"column":21}},"loc":{"start":{"line":47,"column":28},"end":{"line":47,"column":54}},"line":47},"7":{"name":"(anonymous_7)","decl":{"start":{"line":54,"column":18},"end":{"line":54,"column":19}},"loc":{"start":{"line":54,"column":29},"end":{"line":58,"column":13}},"line":54},"8":{"name":"(anonymous_8)","decl":{"start":{"line":57,"column":22},"end":{"line":57,"column":23}},"loc":{"start":{"line":57,"column":30},"end":{"line":57,"column":56}},"line":57},"9":{"name":"(anonymous_9)","decl":{"start":{"line":59,"column":19},"end":{"line":59,"column":20}},"loc":{"start":{"line":59,"column":26},"end":{"line":59,"column":66}},"line":59},"10":{"name":"(anonymous_10)","decl":{"start":{"line":68,"column":54},"end":{"line":68,"column":55}},"loc":{"start":{"line":68,"column":68},"end":{"line":81,"column":1}},"line":68},"11":{"name":"(anonymous_11)","decl":{"start":{"line":74,"column":12},"end":{"line":74,"column":13}},"loc":{"start":{"line":74,"column":18},"end":{"line":74,"column":57}},"line":74},"12":{"name":"(anonymous_12)","decl":{"start":{"line":75,"column":13},"end":{"line":75,"column":14}},"loc":{"start":{"line":75,"column":19},"end":{"line":75,"column":59}},"line":75},"13":{"name":"(anonymous_13)","decl":{"start":{"line":83,"column":50},"end":{"line":83,"column":51}},"loc":{"start":{"line":83,"column":64},"end":{"line":106,"column":1}},"line":83},"14":{"name":"(anonymous_14)","decl":{"start":{"line":84,"column":31},"end":{"line":84,"column":32}},"loc":{"start":{"line":84,"column":51},"end":{"line":105,"column":3}},"line":84},"15":{"name":"(anonymous_15)","decl":{"start":{"line":96,"column":8},"end":{"line":96,"column":9}},"loc":{"start":{"line":96,"column":28},"end":{"line":102,"column":9}},"line":96},"16":{"name":"(anonymous_16)","decl":{"start":{"line":108,"column":44},"end":{"line":108,"column":45}},"loc":{"start":{"line":108,"column":58},"end":{"line":120,"column":1}},"line":108},"17":{"name":"(anonymous_17)","decl":{"start":{"line":109,"column":31},"end":{"line":109,"column":32}},"loc":{"start":{"line":109,"column":51},"end":{"line":117,"column":3}},"line":109},"18":{"name":"(anonymous_18)","decl":{"start":{"line":118,"column":10},"end":{"line":118,"column":11}},"loc":{"start":{"line":118,"column":16},"end":{"line":118,"column":43}},"line":118},"19":{"name":"(anonymous_19)","decl":{"start":{"line":119,"column":11},"end":{"line":119,"column":12}},"loc":{"start":{"line":119,"column":18},"end":{"line":119,"column":58}},"line":119}},"branchMap":{"0":{"loc":{"start":{"line":20,"column":2},"end":{"line":65,"column":3}},"type":"if","locations":[{"start":{"line":20,"column":2},"end":{"line":65,"column":3}},{"start":{"line":20,"column":2},"end":{"line":65,"column":3}}],"line":20},"1":{"loc":{"start":{"line":21,"column":4},"end":{"line":23,"column":34}},"type":"binary-expr","locations":[{"start":{"line":21,"column":4},"end":{"line":21,"column":34}},{"start":{"line":22,"column":4},"end":{"line":22,"column":36}},{"start":{"line":23,"column":4},"end":{"line":23,"column":34}}],"line":21},"2":{"loc":{"start":{"line":26,"column":6},"end":{"line":61,"column":7}},"type":"if","locations":[{"start":{"line":26,"column":6},"end":{"line":61,"column":7}},{"start":{"line":26,"column":6},"end":{"line":61,"column":7}}],"line":26},"3":{"loc":{"start":{"line":29,"column":13},"end":{"line":61,"column":7}},"type":"if","locations":[{"start":{"line":29,"column":13},"end":{"line":61,"column":7}},{"start":{"line":29,"column":13},"end":{"line":61,"column":7}}],"line":29},"4":{"loc":{"start":{"line":36,"column":10},"end":{"line":39,"column":11}},"type":"if","locations":[{"start":{"line":36,"column":10},"end":{"line":39,"column":11}},{"start":{"line":36,"column":10},"end":{"line":39,"column":11}}],"line":36},"5":{"loc":{"start":{"line":42,"column":8},"end":{"line":60,"column":9}},"type":"if","locations":[{"start":{"line":42,"column":8},"end":{"line":60,"column":9}},{"start":{"line":42,"column":8},"end":{"line":60,"column":9}}],"line":42},"6":{"loc":{"start":{"line":69,"column":2},"end":{"line":80,"column":3}},"type":"if","locations":[{"start":{"line":69,"column":2},"end":{"line":80,"column":3}},{"start":{"line":69,"column":2},"end":{"line":80,"column":3}}],"line":69},"7":{"loc":{"start":{"line":69,"column":6},"end":{"line":69,"column":55}},"type":"binary-expr","locations":[{"start":{"line":69,"column":6},"end":{"line":69,"column":30}},{"start":{"line":69,"column":34},"end":{"line":69,"column":55}}],"line":69},"8":{"loc":{"start":{"line":85,"column":4},"end":{"line":104,"column":5}},"type":"if","locations":[{"start":{"line":85,"column":4},"end":{"line":104,"column":5}},{"start":{"line":85,"column":4},"end":{"line":104,"column":5}}],"line":85},"9":{"loc":{"start":{"line":97,"column":10},"end":{"line":101,"column":11}},"type":"if","locations":[{"start":{"line":97,"column":10},"end":{"line":101,"column":11}},{"start":{"line":97,"column":10},"end":{"line":101,"column":11}}],"line":97},"10":{"loc":{"start":{"line":110,"column":4},"end":{"line":116,"column":5}},"type":"if","locations":[{"start":{"line":110,"column":4},"end":{"line":116,"column":5}},{"start":{"line":110,"column":4},"end":{"line":116,"column":5}}],"line":110}},"s":{"0":1,"1":1,"2":1,"3":1,"4":1,"5":1,"6":1,"7":1,"8":1,"9":1,"10":0,"11":1,"12":2,"13":2,"14":2,"15":0,"16":0,"17":2,"18":1,"19":1,"20":1,"21":1,"22":1,"23":2,"24":1,"25":1,"26":2,"27":1,"28":1,"29":1,"30":1,"31":1,"32":0,"33":0,"34":0,"35":0,"36":0,"37":0,"38":0,"39":1,"40":3,"41":2,"42":1,"43":1,"44":1,"45":1,"46":0,"47":0,"48":0,"49":0,"50":0,"51":0,"52":0,"53":0,"54":1,"55":0,"56":0,"57":0,"58":0,"59":0,"60":0,"61":0,"62":0,"63":1},"f":{"0":1,"1":1,"2":0,"3":2,"4":2,"5":1,"6":1,"7":0,"8":0,"9":0,"10":3,"11":1,"12":1,"13":0,"14":0,"15":0,"16":0,"17":0,"18":0,"19":0},"b":{"0":[2,0],"1":[2,2,2],"2":[0,2],"3":[1,1],"4":[1,1],"5":[1,0],"6":[2,1],"7":[3,2],"8":[0,0],"9":[0,0],"10":[0,0]},"_coverageSchema":"43e27e138ebf9cfc5966b082cf9a028302ed4184","hash":"ea1d7aacf52b407410d139013451ab088ec90ea1"}
,"/home/anushkai/Desktop/Training/code/redux/fullStack/routes/api/items.js": {"path":"/home/anushkai/Desktop/Training/code/redux/fullStack/routes/api/items.js","statementMap":{"0":{"start":{"line":1,"column":16},"end":{"line":1,"column":34}},"1":{"start":{"line":2,"column":15},"end":{"line":2,"column":31}},"2":{"start":{"line":5,"column":13},"end":{"line":5,"column":41}},"3":{"start":{"line":6,"column":18},"end":{"line":6,"column":53}},"4":{"start":{"line":11,"column":0},"end":{"line":16,"column":3}},"5":{"start":{"line":12,"column":2},"end":{"line":15,"column":60}},"6":{"start":{"line":14,"column":19},"end":{"line":14,"column":46}},"7":{"start":{"line":15,"column":18},"end":{"line":15,"column":58}},"8":{"start":{"line":21,"column":0},"end":{"line":33,"column":3}},"9":{"start":{"line":22,"column":18},"end":{"line":27,"column":4}},"10":{"start":{"line":29,"column":2},"end":{"line":32,"column":60}},"11":{"start":{"line":31,"column":18},"end":{"line":31,"column":44}},"12":{"start":{"line":32,"column":18},"end":{"line":32,"column":58}},"13":{"start":{"line":38,"column":0},"end":{"line":44,"column":3}},"14":{"start":{"line":39,"column":2},"end":{"line":43,"column":60}},"15":{"start":{"line":41,"column":6},"end":{"line":41,"column":71}},"16":{"start":{"line":41,"column":31},"end":{"line":41,"column":70}},"17":{"start":{"line":43,"column":18},"end":{"line":43,"column":58}},"18":{"start":{"line":46,"column":0},"end":{"line":46,"column":24}}},"fnMap":{"0":{"name":"(anonymous_0)","decl":{"start":{"line":11,"column":27},"end":{"line":11,"column":28}},"loc":{"start":{"line":11,"column":41},"end":{"line":16,"column":1}},"line":11},"1":{"name":"(anonymous_1)","decl":{"start":{"line":14,"column":10},"end":{"line":14,"column":11}},"loc":{"start":{"line":14,"column":19},"end":{"line":14,"column":46}},"line":14},"2":{"name":"(anonymous_2)","decl":{"start":{"line":15,"column":11},"end":{"line":15,"column":12}},"loc":{"start":{"line":15,"column":18},"end":{"line":15,"column":58}},"line":15},"3":{"name":"(anonymous_3)","decl":{"start":{"line":21,"column":28},"end":{"line":21,"column":29}},"loc":{"start":{"line":21,"column":42},"end":{"line":33,"column":1}},"line":21},"4":{"name":"(anonymous_4)","decl":{"start":{"line":31,"column":10},"end":{"line":31,"column":11}},"loc":{"start":{"line":31,"column":18},"end":{"line":31,"column":44}},"line":31},"5":{"name":"(anonymous_5)","decl":{"start":{"line":32,"column":11},"end":{"line":32,"column":12}},"loc":{"start":{"line":32,"column":18},"end":{"line":32,"column":58}},"line":32},"6":{"name":"(anonymous_6)","decl":{"start":{"line":38,"column":33},"end":{"line":38,"column":34}},"loc":{"start":{"line":38,"column":47},"end":{"line":44,"column":1}},"line":38},"7":{"name":"(anonymous_7)","decl":{"start":{"line":40,"column":10},"end":{"line":40,"column":11}},"loc":{"start":{"line":41,"column":6},"end":{"line":41,"column":71}},"line":41},"8":{"name":"(anonymous_8)","decl":{"start":{"line":41,"column":25},"end":{"line":41,"column":26}},"loc":{"start":{"line":41,"column":31},"end":{"line":41,"column":70}},"line":41},"9":{"name":"(anonymous_9)","decl":{"start":{"line":43,"column":11},"end":{"line":43,"column":12}},"loc":{"start":{"line":43,"column":18},"end":{"line":43,"column":58}},"line":43}},"branchMap":{},"s":{"0":1,"1":1,"2":1,"3":1,"4":1,"5":1,"6":1,"7":0,"8":1,"9":0,"10":0,"11":0,"12":0,"13":1,"14":0,"15":0,"16":0,"17":0,"18":1},"f":{"0":1,"1":1,"2":0,"3":0,"4":0,"5":0,"6":0,"7":0,"8":0,"9":0},"b":{},"_coverageSchema":"43e27e138ebf9cfc5966b082cf9a028302ed4184","hash":"c4b2e52f41f663ec6ec332c80fa3221f36f4c777"}
,"/home/anushkai/Desktop/Training/code/redux/fullStack/routes/api/user.js": {"path":"/home/anushkai/Desktop/Training/code/redux/fullStack/routes/api/user.js","statementMap":{"0":{"start":{"line":1,"column":16},"end":{"line":1,"column":34}},"1":{"start":{"line":2,"column":15},"end":{"line":2,"column":31}},"2":{"start":{"line":3,"column":17},"end":{"line":3,"column":36}},"3":{"start":{"line":4,"column":15},"end":{"line":4,"column":30}},"4":{"start":{"line":5,"column":13},"end":{"line":5,"column":41}},"5":{"start":{"line":6,"column":13},"end":{"line":6,"column":41}},"6":{"start":{"line":8,"column":23},"end":{"line":8,"column":53}},"7":{"start":{"line":9,"column":18},"end":{"line":9,"column":53}},"8":{"start":{"line":10,"column":18},"end":{"line":10,"column":53}},"9":{"start":{"line":12,"column":0},"end":{"line":12,"column":51}},"10":{"start":{"line":14,"column":0},"end":{"line":14,"column":49}},"11":{"start":{"line":16,"column":0},"end":{"line":18,"column":3}},"12":{"start":{"line":17,"column":2},"end":{"line":17,"column":42}},"13":{"start":{"line":20,"column":0},"end":{"line":22,"column":3}},"14":{"start":{"line":21,"column":2},"end":{"line":21,"column":42}},"15":{"start":{"line":24,"column":0},"end":{"line":29,"column":3}},"16":{"start":{"line":25,"column":2},"end":{"line":28,"column":28}},"17":{"start":{"line":31,"column":0},"end":{"line":35,"column":3}},"18":{"start":{"line":32,"column":2},"end":{"line":34,"column":60}},"19":{"start":{"line":33,"column":18},"end":{"line":33,"column":61}},"20":{"start":{"line":34,"column":18},"end":{"line":34,"column":58}},"21":{"start":{"line":37,"column":0},"end":{"line":44,"column":3}},"22":{"start":{"line":38,"column":2},"end":{"line":43,"column":59}},"23":{"start":{"line":42,"column":16},"end":{"line":42,"column":55}},"24":{"start":{"line":43,"column":17},"end":{"line":43,"column":57}},"25":{"start":{"line":46,"column":0},"end":{"line":68,"column":3}},"26":{"start":{"line":47,"column":2},"end":{"line":67,"column":60}},"27":{"start":{"line":48,"column":4},"end":{"line":66,"column":5}},"28":{"start":{"line":49,"column":6},"end":{"line":49,"column":23}},"29":{"start":{"line":50,"column":6},"end":{"line":50,"column":13}},"30":{"start":{"line":51,"column":11},"end":{"line":66,"column":5}},"31":{"start":{"line":52,"column":6},"end":{"line":52,"column":47}},"32":{"start":{"line":54,"column":22},"end":{"line":57,"column":8}},"33":{"start":{"line":58,"column":6},"end":{"line":58,"column":21}},"34":{"start":{"line":59,"column":6},"end":{"line":59,"column":37}},"35":{"start":{"line":60,"column":6},"end":{"line":64,"column":9}},"36":{"start":{"line":65,"column":6},"end":{"line":65,"column":66}},"37":{"start":{"line":65,"column":31},"end":{"line":65,"column":64}},"38":{"start":{"line":67,"column":18},"end":{"line":67,"column":58}},"39":{"start":{"line":70,"column":0},"end":{"line":97,"column":3}},"40":{"start":{"line":71,"column":2},"end":{"line":96,"column":5}},"41":{"start":{"line":72,"column":4},"end":{"line":95,"column":5}},"42":{"start":{"line":73,"column":6},"end":{"line":73,"column":23}},"43":{"start":{"line":74,"column":6},"end":{"line":74,"column":13}},"44":{"start":{"line":76,"column":6},"end":{"line":94,"column":64}},"45":{"start":{"line":77,"column":8},"end":{"line":93,"column":9}},"46":{"start":{"line":78,"column":10},"end":{"line":83,"column":13}},"47":{"start":{"line":82,"column":12},"end":{"line":82,"column":77}},"48":{"start":{"line":82,"column":35},"end":{"line":82,"column":75}},"49":{"start":{"line":85,"column":10},"end":{"line":92,"column":13}},"50":{"start":{"line":86,"column":12},"end":{"line":91,"column":15}},"51":{"start":{"line":90,"column":14},"end":{"line":90,"column":78}},"52":{"start":{"line":90,"column":37},"end":{"line":90,"column":76}},"53":{"start":{"line":94,"column":22},"end":{"line":94,"column":62}},"54":{"start":{"line":99,"column":0},"end":{"line":99,"column":65}},"55":{"start":{"line":101,"column":0},"end":{"line":101,"column":24}}},"fnMap":{"0":{"name":"(anonymous_0)","decl":{"start":{"line":16,"column":37},"end":{"line":16,"column":38}},"loc":{"start":{"line":16,"column":51},"end":{"line":18,"column":1}},"line":16},"1":{"name":"(anonymous_1)","decl":{"start":{"line":20,"column":48},"end":{"line":20,"column":49}},"loc":{"start":{"line":20,"column":62},"end":{"line":22,"column":1}},"line":20},"2":{"name":"(anonymous_2)","decl":{"start":{"line":24,"column":34},"end":{"line":24,"column":35}},"loc":{"start":{"line":24,"column":48},"end":{"line":29,"column":1}},"line":24},"3":{"name":"(anonymous_3)","decl":{"start":{"line":31,"column":31},"end":{"line":31,"column":32}},"loc":{"start":{"line":31,"column":45},"end":{"line":35,"column":1}},"line":31},"4":{"name":"(anonymous_4)","decl":{"start":{"line":33,"column":10},"end":{"line":33,"column":11}},"loc":{"start":{"line":33,"column":18},"end":{"line":33,"column":61}},"line":33},"5":{"name":"(anonymous_5)","decl":{"start":{"line":34,"column":11},"end":{"line":34,"column":12}},"loc":{"start":{"line":34,"column":18},"end":{"line":34,"column":58}},"line":34},"6":{"name":"(anonymous_6)","decl":{"start":{"line":37,"column":42},"end":{"line":37,"column":43}},"loc":{"start":{"line":37,"column":56},"end":{"line":44,"column":1}},"line":37},"7":{"name":"(anonymous_7)","decl":{"start":{"line":42,"column":10},"end":{"line":42,"column":11}},"loc":{"start":{"line":42,"column":16},"end":{"line":42,"column":55}},"line":42},"8":{"name":"(anonymous_8)","decl":{"start":{"line":43,"column":11},"end":{"line":43,"column":12}},"loc":{"start":{"line":43,"column":17},"end":{"line":43,"column":57}},"line":43},"9":{"name":"(anonymous_9)","decl":{"start":{"line":46,"column":40},"end":{"line":46,"column":41}},"loc":{"start":{"line":46,"column":54},"end":{"line":68,"column":1}},"line":46},"10":{"name":"(anonymous_10)","decl":{"start":{"line":47,"column":46},"end":{"line":47,"column":47}},"loc":{"start":{"line":47,"column":61},"end":{"line":67,"column":3}},"line":47},"11":{"name":"(anonymous_11)","decl":{"start":{"line":65,"column":23},"end":{"line":65,"column":24}},"loc":{"start":{"line":65,"column":31},"end":{"line":65,"column":64}},"line":65},"12":{"name":"(anonymous_12)","decl":{"start":{"line":67,"column":11},"end":{"line":67,"column":12}},"loc":{"start":{"line":67,"column":18},"end":{"line":67,"column":58}},"line":67},"13":{"name":"(anonymous_13)","decl":{"start":{"line":70,"column":55},"end":{"line":70,"column":56}},"loc":{"start":{"line":70,"column":69},"end":{"line":97,"column":1}},"line":70},"14":{"name":"(anonymous_14)","decl":{"start":{"line":71,"column":46},"end":{"line":71,"column":47}},"loc":{"start":{"line":71,"column":61},"end":{"line":96,"column":3}},"line":71},"15":{"name":"(anonymous_15)","decl":{"start":{"line":76,"column":43},"end":{"line":76,"column":44}},"loc":{"start":{"line":76,"column":58},"end":{"line":94,"column":7}},"line":76},"16":{"name":"(anonymous_16)","decl":{"start":{"line":81,"column":17},"end":{"line":81,"column":18}},"loc":{"start":{"line":81,"column":23},"end":{"line":83,"column":11}},"line":81},"17":{"name":"(anonymous_17)","decl":{"start":{"line":82,"column":29},"end":{"line":82,"column":30}},"loc":{"start":{"line":82,"column":35},"end":{"line":82,"column":75}},"line":82},"18":{"name":"(anonymous_18)","decl":{"start":{"line":85,"column":29},"end":{"line":85,"column":30}},"loc":{"start":{"line":85,"column":35},"end":{"line":92,"column":11}},"line":85},"19":{"name":"(anonymous_19)","decl":{"start":{"line":89,"column":19},"end":{"line":89,"column":20}},"loc":{"start":{"line":89,"column":25},"end":{"line":91,"column":13}},"line":89},"20":{"name":"(anonymous_20)","decl":{"start":{"line":90,"column":31},"end":{"line":90,"column":32}},"loc":{"start":{"line":90,"column":37},"end":{"line":90,"column":76}},"line":90},"21":{"name":"(anonymous_21)","decl":{"start":{"line":94,"column":15},"end":{"line":94,"column":16}},"loc":{"start":{"line":94,"column":22},"end":{"line":94,"column":62}},"line":94}},"branchMap":{"0":{"loc":{"start":{"line":48,"column":4},"end":{"line":66,"column":5}},"type":"if","locations":[{"start":{"line":48,"column":4},"end":{"line":66,"column":5}},{"start":{"line":48,"column":4},"end":{"line":66,"column":5}}],"line":48},"1":{"loc":{"start":{"line":51,"column":11},"end":{"line":66,"column":5}},"type":"if","locations":[{"start":{"line":51,"column":11},"end":{"line":66,"column":5}},{"start":{"line":51,"column":11},"end":{"line":66,"column":5}}],"line":51},"2":{"loc":{"start":{"line":72,"column":4},"end":{"line":95,"column":5}},"type":"if","locations":[{"start":{"line":72,"column":4},"end":{"line":95,"column":5}},{"start":{"line":72,"column":4},"end":{"line":95,"column":5}}],"line":72},"3":{"loc":{"start":{"line":77,"column":8},"end":{"line":93,"column":9}},"type":"if","locations":[{"start":{"line":77,"column":8},"end":{"line":93,"column":9}},{"start":{"line":77,"column":8},"end":{"line":93,"column":9}}],"line":77}},"s":{"0":1,"1":1,"2":1,"3":1,"4":1,"5":1,"6":1,"7":1,"8":1,"9":1,"10":1,"11":1,"12":1,"13":1,"14":0,"15":1,"16":0,"17":1,"18":1,"19":1,"20":0,"21":1,"22":0,"23":0,"24":0,"25":1,"26":2,"27":2,"28":0,"29":0,"30":2,"31":1,"32":1,"33":1,"34":1,"35":1,"36":1,"37":1,"38":0,"39":1,"40":1,"41":1,"42":0,"43":0,"44":1,"45":1,"46":0,"47":0,"48":0,"49":1,"50":1,"51":1,"52":1,"53":0,"54":1,"55":1},"f":{"0":1,"1":0,"2":0,"3":1,"4":1,"5":0,"6":0,"7":0,"8":0,"9":2,"10":2,"11":1,"12":0,"13":1,"14":1,"15":1,"16":0,"17":0,"18":1,"19":1,"20":1,"21":0},"b":{"0":[0,2],"1":[1,1],"2":[0,1],"3":[0,1]},"_coverageSchema":"43e27e138ebf9cfc5966b082cf9a028302ed4184","hash":"26533b47c15e9a56dfe14aed59d829b050ba5fc4"}
,"/home/anushkai/Desktop/Training/code/redux/fullStack/routes/controllers/user.js": {"path":"/home/anushkai/Desktop/Training/code/redux/fullStack/routes/controllers/user.js","statementMap":{"0":{"start":{"line":1,"column":17},"end":{"line":1,"column":36}},"1":{"start":{"line":2,"column":15},"end":{"line":2,"column":32}},"2":{"start":{"line":3,"column":12},"end":{"line":3,"column":35}},"3":{"start":{"line":5,"column":13},"end":{"line":5,"column":41}},"4":{"start":{"line":7,"column":16},"end":{"line":7,"column":52}},"5":{"start":{"line":9,"column":0},"end":{"line":47,"column":2}},"6":{"start":{"line":10,"column":2},"end":{"line":46,"column":7}},"7":{"start":{"line":13,"column":6},"end":{"line":45,"column":7}},"8":{"start":{"line":14,"column":8},"end":{"line":16,"column":11}},"9":{"start":{"line":18,"column":8},"end":{"line":44,"column":11}},"10":{"start":{"line":19,"column":10},"end":{"line":43,"column":11}},"11":{"start":{"line":20,"column":12},"end":{"line":22,"column":15}},"12":{"start":{"line":24,"column":25},"end":{"line":29,"column":14}},"13":{"start":{"line":30,"column":12},"end":{"line":42,"column":17}},"14":{"start":{"line":33,"column":16},"end":{"line":35,"column":19}},"15":{"start":{"line":38,"column":16},"end":{"line":38,"column":33}},"16":{"start":{"line":39,"column":16},"end":{"line":41,"column":19}},"17":{"start":{"line":49,"column":0},"end":{"line":86,"column":2}},"18":{"start":{"line":50,"column":2},"end":{"line":85,"column":7}},"19":{"start":{"line":53,"column":6},"end":{"line":57,"column":7}},"20":{"start":{"line":54,"column":8},"end":{"line":56,"column":11}},"21":{"start":{"line":58,"column":6},"end":{"line":78,"column":9}},"22":{"start":{"line":59,"column":8},"end":{"line":63,"column":9}},"23":{"start":{"line":60,"column":10},"end":{"line":62,"column":13}},"24":{"start":{"line":64,"column":8},"end":{"line":74,"column":9}},"25":{"start":{"line":65,"column":24},"end":{"line":72,"column":11}},"26":{"start":{"line":73,"column":10},"end":{"line":73,"column":80}},"27":{"start":{"line":75,"column":8},"end":{"line":77,"column":11}},"28":{"start":{"line":81,"column":6},"end":{"line":81,"column":23}},"29":{"start":{"line":82,"column":6},"end":{"line":84,"column":9}},"30":{"start":{"line":88,"column":0},"end":{"line":102,"column":2}},"31":{"start":{"line":89,"column":2},"end":{"line":101,"column":7}},"32":{"start":{"line":92,"column":6},"end":{"line":94,"column":9}},"33":{"start":{"line":97,"column":6},"end":{"line":97,"column":23}},"34":{"start":{"line":98,"column":6},"end":{"line":100,"column":9}}},"fnMap":{"0":{"name":"(anonymous_0)","decl":{"start":{"line":9,"column":22},"end":{"line":9,"column":23}},"loc":{"start":{"line":9,"column":42},"end":{"line":47,"column":1}},"line":9},"1":{"name":"(anonymous_1)","decl":{"start":{"line":12,"column":10},"end":{"line":12,"column":11}},"loc":{"start":{"line":12,"column":18},"end":{"line":46,"column":5}},"line":12},"2":{"name":"(anonymous_2)","decl":{"start":{"line":18,"column":43},"end":{"line":18,"column":44}},"loc":{"start":{"line":18,"column":58},"end":{"line":44,"column":9}},"line":18},"3":{"name":"(anonymous_3)","decl":{"start":{"line":32,"column":20},"end":{"line":32,"column":21}},"loc":{"start":{"line":32,"column":30},"end":{"line":36,"column":15}},"line":32},"4":{"name":"(anonymous_4)","decl":{"start":{"line":37,"column":21},"end":{"line":37,"column":22}},"loc":{"start":{"line":37,"column":28},"end":{"line":42,"column":15}},"line":37},"5":{"name":"(anonymous_5)","decl":{"start":{"line":49,"column":21},"end":{"line":49,"column":22}},"loc":{"start":{"line":49,"column":41},"end":{"line":86,"column":1}},"line":49},"6":{"name":"(anonymous_6)","decl":{"start":{"line":52,"column":10},"end":{"line":52,"column":11}},"loc":{"start":{"line":52,"column":18},"end":{"line":79,"column":5}},"line":52},"7":{"name":"(anonymous_7)","decl":{"start":{"line":58,"column":58},"end":{"line":58,"column":59}},"loc":{"start":{"line":58,"column":75},"end":{"line":78,"column":7}},"line":58},"8":{"name":"(anonymous_8)","decl":{"start":{"line":80,"column":11},"end":{"line":80,"column":12}},"loc":{"start":{"line":80,"column":18},"end":{"line":85,"column":5}},"line":80},"9":{"name":"(anonymous_9)","decl":{"start":{"line":88,"column":22},"end":{"line":88,"column":23}},"loc":{"start":{"line":88,"column":42},"end":{"line":102,"column":1}},"line":88},"10":{"name":"(anonymous_10)","decl":{"start":{"line":91,"column":10},"end":{"line":91,"column":11}},"loc":{"start":{"line":91,"column":20},"end":{"line":95,"column":5}},"line":91},"11":{"name":"(anonymous_11)","decl":{"start":{"line":96,"column":11},"end":{"line":96,"column":12}},"loc":{"start":{"line":96,"column":18},"end":{"line":101,"column":5}},"line":96}},"branchMap":{"0":{"loc":{"start":{"line":13,"column":6},"end":{"line":45,"column":7}},"type":"if","locations":[{"start":{"line":13,"column":6},"end":{"line":45,"column":7}},{"start":{"line":13,"column":6},"end":{"line":45,"column":7}}],"line":13},"1":{"loc":{"start":{"line":19,"column":10},"end":{"line":43,"column":11}},"type":"if","locations":[{"start":{"line":19,"column":10},"end":{"line":43,"column":11}},{"start":{"line":19,"column":10},"end":{"line":43,"column":11}}],"line":19},"2":{"loc":{"start":{"line":53,"column":6},"end":{"line":57,"column":7}},"type":"if","locations":[{"start":{"line":53,"column":6},"end":{"line":57,"column":7}},{"start":{"line":53,"column":6},"end":{"line":57,"column":7}}],"line":53},"3":{"loc":{"start":{"line":59,"column":8},"end":{"line":63,"column":9}},"type":"if","locations":[{"start":{"line":59,"column":8},"end":{"line":63,"column":9}},{"start":{"line":59,"column":8},"end":{"line":63,"column":9}}],"line":59},"4":{"loc":{"start":{"line":64,"column":8},"end":{"line":74,"column":9}},"type":"if","locations":[{"start":{"line":64,"column":8},"end":{"line":74,"column":9}},{"start":{"line":64,"column":8},"end":{"line":74,"column":9}}],"line":64}},"s":{"0":1,"1":1,"2":1,"3":1,"4":1,"5":1,"6":0,"7":0,"8":0,"9":0,"10":0,"11":0,"12":0,"13":0,"14":0,"15":0,"16":0,"17":1,"18":2,"19":2,"20":1,"21":1,"22":1,"23":0,"24":1,"25":1,"26":1,"27":0,"28":0,"29":0,"30":1,"31":0,"32":0,"33":0,"34":0},"f":{"0":0,"1":0,"2":0,"3":0,"4":0,"5":2,"6":2,"7":1,"8":0,"9":0,"10":0,"11":0},"b":{"0":[0,0],"1":[0,0],"2":[1,1],"3":[0,1],"4":[1,0]},"_coverageSchema":"43e27e138ebf9cfc5966b082cf9a028302ed4184","hash":"283be2942b00842c393af1dea99d76bb26f615ef"}
,"/home/anushkai/Desktop/Training/code/redux/fullStack/routes/middleware/check-auth.js": {"path":"/home/anushkai/Desktop/Training/code/redux/fullStack/routes/middleware/check-auth.js","statementMap":{"0":{"start":{"line":1,"column":12},"end":{"line":1,"column":35}},"1":{"start":{"line":2,"column":16},"end":{"line":2,"column":52}},"2":{"start":{"line":3,"column":17},"end":{"line":3,"column":36}},"3":{"start":{"line":4,"column":15},"end":{"line":4,"column":32}},"4":{"start":{"line":6,"column":0},"end":{"line":19,"column":2}},"5":{"start":{"line":7,"column":2},"end":{"line":18,"column":3}},"6":{"start":{"line":9,"column":6},"end":{"line":12,"column":23}},"7":{"start":{"line":13,"column":20},"end":{"line":13,"column":46}},"8":{"start":{"line":14,"column":4},"end":{"line":14,"column":27}},"9":{"start":{"line":15,"column":4},"end":{"line":15,"column":11}},"10":{"start":{"line":17,"column":4},"end":{"line":17,"column":52}}},"fnMap":{"0":{"name":"(anonymous_0)","decl":{"start":{"line":6,"column":17},"end":{"line":6,"column":18}},"loc":{"start":{"line":6,"column":37},"end":{"line":19,"column":1}},"line":6}},"branchMap":{"0":{"loc":{"start":{"line":9,"column":6},"end":{"line":12,"column":23}},"type":"binary-expr","locations":[{"start":{"line":9,"column":6},"end":{"line":9,"column":20}},{"start":{"line":10,"column":6},"end":{"line":10,"column":21}},{"start":{"line":11,"column":6},"end":{"line":11,"column":35}},{"start":{"line":12,"column":6},"end":{"line":12,"column":23}}],"line":9}},"s":{"0":1,"1":1,"2":1,"3":1,"4":1,"5":18,"6":18,"7":18,"8":15,"9":15,"10":3},"f":{"0":18},"b":{"0":[18,3,3,3]},"_coverageSchema":"43e27e138ebf9cfc5966b082cf9a028302ed4184","hash":"df3b744334d6dfdc14f38ae04f356070e0444759"}
,"/home/anushkai/Desktop/Training/code/redux/fullStack/routes/middleware/check-user.js": {"path":"/home/anushkai/Desktop/Training/code/redux/fullStack/routes/middleware/check-user.js","statementMap":{"0":{"start":{"line":1,"column":12},"end":{"line":1,"column":35}},"1":{"start":{"line":2,"column":16},"end":{"line":2,"column":52}},"2":{"start":{"line":3,"column":17},"end":{"line":3,"column":36}},"3":{"start":{"line":4,"column":15},"end":{"line":4,"column":32}},"4":{"start":{"line":6,"column":15},"end":{"line":6,"column":30}},"5":{"start":{"line":7,"column":13},"end":{"line":7,"column":41}},"6":{"start":{"line":9,"column":0},"end":{"line":25,"column":2}},"7":{"start":{"line":10,"column":13},"end":{"line":10,"column":42}},"8":{"start":{"line":11,"column":13},"end":{"line":11,"column":31}},"9":{"start":{"line":12,"column":2},"end":{"line":24,"column":5}},"10":{"start":{"line":13,"column":12},"end":{"line":13,"column":17}},"11":{"start":{"line":14,"column":4},"end":{"line":18,"column":5}},"12":{"start":{"line":15,"column":6},"end":{"line":17,"column":7}},"13":{"start":{"line":16,"column":8},"end":{"line":16,"column":17}},"14":{"start":{"line":19,"column":4},"end":{"line":23,"column":5}},"15":{"start":{"line":20,"column":6},"end":{"line":20,"column":13}},"16":{"start":{"line":22,"column":6},"end":{"line":22,"column":47}}},"fnMap":{"0":{"name":"(anonymous_0)","decl":{"start":{"line":9,"column":17},"end":{"line":9,"column":18}},"loc":{"start":{"line":9,"column":37},"end":{"line":25,"column":1}},"line":9},"1":{"name":"(anonymous_1)","decl":{"start":{"line":12,"column":35},"end":{"line":12,"column":36}},"loc":{"start":{"line":12,"column":43},"end":{"line":24,"column":3}},"line":12}},"branchMap":{"0":{"loc":{"start":{"line":10,"column":13},"end":{"line":10,"column":42}},"type":"binary-expr","locations":[{"start":{"line":10,"column":13},"end":{"line":10,"column":26}},{"start":{"line":10,"column":30},"end":{"line":10,"column":42}}],"line":10},"1":{"loc":{"start":{"line":15,"column":6},"end":{"line":17,"column":7}},"type":"if","locations":[{"start":{"line":15,"column":6},"end":{"line":17,"column":7}},{"start":{"line":15,"column":6},"end":{"line":17,"column":7}}],"line":15},"2":{"loc":{"start":{"line":19,"column":4},"end":{"line":23,"column":5}},"type":"if","locations":[{"start":{"line":19,"column":4},"end":{"line":23,"column":5}},{"start":{"line":19,"column":4},"end":{"line":23,"column":5}}],"line":19}},"s":{"0":1,"1":1,"2":1,"3":1,"4":1,"5":1,"6":1,"7":10,"8":10,"9":10,"10":10,"11":10,"12":61,"13":7,"14":10,"15":7,"16":3},"f":{"0":10,"1":10},"b":{"0":[10,3],"1":[7,54],"2":[7,3]},"_coverageSchema":"43e27e138ebf9cfc5966b082cf9a028302ed4184","hash":"6f8493b59789a7149ee2592bd64ab67bf23eac96"}
}
