TN:
SF:/home/anushkai/Desktop/Training/code/redux/fullStack/app.js
FN:26,(anonymous_0)
FN:27,(anonymous_1)
FN:38,(anonymous_2)
FNF:3
FNH:1
FNDA:1,(anonymous_0)
FNDA:0,(anonymous_1)
FNDA:0,(anonymous_2)
DA:1,1
DA:2,1
DA:3,1
DA:4,1
DA:6,1
DA:7,1
DA:8,1
DA:9,1
DA:11,1
DA:13,1
DA:16,1
DA:20,1
DA:24,1
DA:26,1
DA:27,0
DA:30,1
DA:31,1
DA:32,1
DA:35,1
DA:37,0
DA:38,0
DA:39,0
DA:43,1
LF:23
LH:19
BRDA:35,0,0,0
BRDA:35,0,1,1
BRF:2
BRH:1
end_of_record
TN:
SF:/home/anushkai/Desktop/Training/code/redux/fullStack/config/keys.js
FNF:0
FNH:0
DA:1,1
LF:1
LH:1
BRF:0
BRH:0
end_of_record
TN:
SF:/home/anushkai/Desktop/Training/code/redux/fullStack/models/Cart.js
FNF:0
FNH:0
DA:1,1
DA:2,1
DA:3,1
DA:6,1
DA:21,1
LF:5
LH:5
BRF:0
BRH:0
end_of_record
TN:
SF:/home/anushkai/Desktop/Training/code/redux/fullStack/models/Item.js
FNF:0
FNH:0
DA:1,1
DA:2,1
DA:5,1
DA:29,1
LF:4
LH:4
BRF:0
BRH:0
end_of_record
TN:
SF:/home/anushkai/Desktop/Training/code/redux/fullStack/models/User.js
FNF:0
FNH:0
DA:1,1
DA:2,1
DA:4,1
DA:37,1
LF:4
LH:4
BRF:0
BRH:0
end_of_record
TN:
SF:/home/anushkai/Desktop/Training/code/redux/fullStack/routes/api/carts.js
FN:12,(anonymous_0)
FN:15,(anonymous_1)
FN:16,(anonymous_2)
FN:19,(anonymous_3)
FN:25,(anonymous_4)
FN:44,(anonymous_5)
FN:47,(anonymous_6)
FN:54,(anonymous_7)
FN:57,(anonymous_8)
FN:59,(anonymous_9)
FN:68,(anonymous_10)
FN:74,(anonymous_11)
FN:75,(anonymous_12)
FN:83,(anonymous_13)
FN:84,(anonymous_14)
FN:97,(anonymous_15)
FN:105,(anonymous_16)
FN:110,(anonymous_17)
FN:111,(anonymous_18)
FN:120,(anonymous_19)
FN:121,(anonymous_20)
FNF:21
FNH:17
FNDA:1,(anonymous_0)
FNDA:1,(anonymous_1)
FNDA:0,(anonymous_2)
FNDA:4,(anonymous_3)
FNDA:4,(anonymous_4)
FNDA:1,(anonymous_5)
FNDA:1,(anonymous_6)
FNDA:2,(anonymous_7)
FNDA:2,(anonymous_8)
FNDA:0,(anonymous_9)
FNDA:3,(anonymous_10)
FNDA:1,(anonymous_11)
FNDA:1,(anonymous_12)
FNDA:2,(anonymous_13)
FNDA:2,(anonymous_14)
FNDA:2,(anonymous_15)
FNDA:0,(anonymous_16)
FNDA:1,(anonymous_17)
FNDA:1,(anonymous_18)
FNDA:1,(anonymous_19)
FNDA:0,(anonymous_20)
DA:1,1
DA:2,1
DA:3,1
DA:4,1
DA:8,1
DA:9,1
DA:10,1
DA:12,1
DA:13,1
DA:15,1
DA:16,0
DA:19,1
DA:20,4
DA:25,4
DA:26,4
DA:27,0
DA:28,0
DA:29,4
DA:30,1
DA:32,3
DA:33,3
DA:34,3
DA:35,3
DA:36,2
DA:37,1
DA:38,1
DA:40,2
DA:42,3
DA:43,1
DA:44,1
DA:45,1
DA:47,1
DA:50,2
DA:51,2
DA:52,2
DA:55,2
DA:57,2
DA:59,0
DA:64,0
DA:68,1
DA:69,3
DA:70,2
DA:74,1
DA:75,1
DA:77,1
DA:83,1
DA:84,2
DA:85,2
DA:86,0
DA:87,0
DA:89,2
DA:98,2
DA:99,2
DA:100,1
DA:102,1
DA:105,0
DA:110,1
DA:111,1
DA:112,1
DA:113,0
DA:114,0
DA:116,1
DA:117,1
DA:120,1
DA:121,0
DA:124,1
LF:66
LH:55
BRDA:20,0,0,4
BRDA:20,0,1,0
BRDA:21,1,0,4
BRDA:21,1,1,4
BRDA:21,1,2,4
BRDA:26,2,0,0
BRDA:26,2,1,4
BRDA:29,3,0,1
BRDA:29,3,1,3
BRDA:36,4,0,1
BRDA:36,4,1,1
BRDA:42,5,0,1
BRDA:42,5,1,2
BRDA:69,6,0,2
BRDA:69,6,1,1
BRDA:69,7,0,3
BRDA:69,7,1,2
BRDA:85,8,0,0
BRDA:85,8,1,2
BRDA:99,9,0,1
BRDA:99,9,1,1
BRDA:112,10,0,0
BRDA:112,10,1,1
BRF:23
BRH:19
end_of_record
TN:
SF:/home/anushkai/Desktop/Training/code/redux/fullStack/routes/api/items.js
FN:11,(anonymous_0)
FN:14,(anonymous_1)
FN:15,(anonymous_2)
FN:21,(anonymous_3)
FN:31,(anonymous_4)
FN:32,(anonymous_5)
FN:38,(anonymous_6)
FN:40,(anonymous_7)
FN:41,(anonymous_8)
FN:43,(anonymous_9)
FNF:10
FNH:2
FNDA:1,(anonymous_0)
FNDA:1,(anonymous_1)
FNDA:0,(anonymous_2)
FNDA:0,(anonymous_3)
FNDA:0,(anonymous_4)
FNDA:0,(anonymous_5)
FNDA:0,(anonymous_6)
FNDA:0,(anonymous_7)
FNDA:0,(anonymous_8)
FNDA:0,(anonymous_9)
DA:1,1
DA:2,1
DA:5,1
DA:6,1
DA:11,1
DA:12,1
DA:14,1
DA:15,0
DA:21,1
DA:22,0
DA:29,0
DA:31,0
DA:32,0
DA:38,1
DA:39,0
DA:41,0
DA:43,0
DA:46,1
LF:18
LH:10
BRF:0
BRH:0
end_of_record
TN:
SF:/home/anushkai/Desktop/Training/code/redux/fullStack/routes/api/user.js
FN:16,(anonymous_0)
FN:20,(anonymous_1)
FN:24,(anonymous_2)
FN:31,(anonymous_3)
FN:33,(anonymous_4)
FN:34,(anonymous_5)
FN:37,(anonymous_6)
FN:42,(anonymous_7)
FN:43,(anonymous_8)
FN:46,(anonymous_9)
FN:47,(anonymous_10)
FN:65,(anonymous_11)
FN:67,(anonymous_12)
FN:70,(anonymous_13)
FN:71,(anonymous_14)
FN:76,(anonymous_15)
FN:81,(anonymous_16)
FN:82,(anonymous_17)
FN:85,(anonymous_18)
FN:89,(anonymous_19)
FN:90,(anonymous_20)
FN:94,(anonymous_21)
FNF:22
FNH:12
FNDA:1,(anonymous_0)
FNDA:0,(anonymous_1)
FNDA:0,(anonymous_2)
FNDA:1,(anonymous_3)
FNDA:1,(anonymous_4)
FNDA:0,(anonymous_5)
FNDA:0,(anonymous_6)
FNDA:0,(anonymous_7)
FNDA:0,(anonymous_8)
FNDA:2,(anonymous_9)
FNDA:2,(anonymous_10)
FNDA:1,(anonymous_11)
FNDA:0,(anonymous_12)
FNDA:1,(anonymous_13)
FNDA:1,(anonymous_14)
FNDA:1,(anonymous_15)
FNDA:0,(anonymous_16)
FNDA:0,(anonymous_17)
FNDA:1,(anonymous_18)
FNDA:1,(anonymous_19)
FNDA:1,(anonymous_20)
FNDA:0,(anonymous_21)
DA:1,1
DA:2,1
DA:3,1
DA:4,1
DA:5,1
DA:6,1
DA:8,1
DA:9,1
DA:10,1
DA:12,1
DA:14,1
DA:16,1
DA:17,1
DA:20,1
DA:21,0
DA:24,1
DA:25,0
DA:31,1
DA:32,1
DA:33,1
DA:34,0
DA:37,1
DA:38,0
DA:42,0
DA:43,0
DA:46,1
DA:47,2
DA:48,2
DA:49,0
DA:50,0
DA:51,2
DA:52,1
DA:54,1
DA:58,1
DA:59,1
DA:60,1
DA:65,1
DA:67,0
DA:70,1
DA:71,1
DA:72,1
DA:73,0
DA:74,0
DA:76,1
DA:77,1
DA:78,0
DA:82,0
DA:85,1
DA:86,1
DA:90,1
DA:94,0
DA:99,1
DA:101,1
LF:53
LH:39
BRDA:48,0,0,0
BRDA:48,0,1,2
BRDA:51,1,0,1
BRDA:51,1,1,1
BRDA:72,2,0,0
BRDA:72,2,1,1
BRDA:77,3,0,0
BRDA:77,3,1,1
BRF:8
BRH:5
end_of_record
TN:
SF:/home/anushkai/Desktop/Training/code/redux/fullStack/routes/controllers/user.js
FN:9,(anonymous_0)
FN:12,(anonymous_1)
FN:18,(anonymous_2)
FN:32,(anonymous_3)
FN:37,(anonymous_4)
FN:49,(anonymous_5)
FN:52,(anonymous_6)
FN:58,(anonymous_7)
FN:80,(anonymous_8)
FN:88,(anonymous_9)
FN:91,(anonymous_10)
FN:96,(anonymous_11)
FNF:12
FNH:3
FNDA:0,(anonymous_0)
FNDA:0,(anonymous_1)
FNDA:0,(anonymous_2)
FNDA:0,(anonymous_3)
FNDA:0,(anonymous_4)
FNDA:2,(anonymous_5)
FNDA:2,(anonymous_6)
FNDA:1,(anonymous_7)
FNDA:0,(anonymous_8)
FNDA:0,(anonymous_9)
FNDA:0,(anonymous_10)
FNDA:0,(anonymous_11)
DA:1,1
DA:2,1
DA:3,1
DA:5,1
DA:7,1
DA:9,1
DA:10,0
DA:13,0
DA:14,0
DA:18,0
DA:19,0
DA:20,0
DA:24,0
DA:30,0
DA:33,0
DA:38,0
DA:39,0
DA:49,1
DA:50,2
DA:53,2
DA:54,1
DA:58,1
DA:59,1
DA:60,0
DA:64,1
DA:65,1
DA:73,1
DA:75,0
DA:81,0
DA:82,0
DA:88,1
DA:89,0
DA:92,0
DA:97,0
DA:98,0
LF:35
LH:16
BRDA:13,0,0,0
BRDA:13,0,1,0
BRDA:19,1,0,0
BRDA:19,1,1,0
BRDA:53,2,0,1
BRDA:53,2,1,1
BRDA:59,3,0,0
BRDA:59,3,1,1
BRDA:64,4,0,1
BRDA:64,4,1,0
BRF:10
BRH:4
end_of_record
TN:
SF:/home/anushkai/Desktop/Training/code/redux/fullStack/routes/middleware/check-auth.js
FN:6,(anonymous_0)
FNF:1
FNH:1
FNDA:23,(anonymous_0)
DA:1,1
DA:2,1
DA:3,1
DA:4,1
DA:6,1
DA:7,23
DA:9,23
DA:13,23
DA:14,20
DA:15,20
DA:17,3
LF:11
LH:11
BRDA:9,0,0,23
BRDA:9,0,1,3
BRDA:9,0,2,3
BRDA:9,0,3,3
BRF:4
BRH:4
end_of_record
TN:
SF:/home/anushkai/Desktop/Training/code/redux/fullStack/routes/middleware/check-user.js
FN:9,(anonymous_0)
FN:12,(anonymous_1)
FNF:2
FNH:2
FNDA:15,(anonymous_0)
FNDA:15,(anonymous_1)
DA:1,1
DA:2,1
DA:3,1
DA:4,1
DA:6,1
DA:7,1
DA:9,1
DA:10,15
DA:11,15
DA:12,15
DA:13,15
DA:14,15
DA:15,46
DA:16,12
DA:19,15
DA:20,12
DA:22,3
LF:17
LH:17
BRDA:10,0,0,15
BRDA:10,0,1,5
BRDA:15,1,0,12
BRDA:15,1,1,34
BRDA:19,2,0,12
BRDA:19,2,1,3
BRF:6
BRH:6
end_of_record
