TN:
SF:/home/anushkai/Desktop/Training/code/redux/fullStack/app.js
FN:26,(anonymous_0)
FN:27,(anonymous_1)
FN:38,(anonymous_2)
FNF:3
FNH:1
FNDA:1,(anonymous_0)
FNDA:0,(anonymous_1)
FNDA:0,(anonymous_2)
DA:1,1
DA:2,1
DA:3,1
DA:4,1
DA:6,1
DA:7,1
DA:8,1
DA:9,1
DA:11,1
DA:13,1
DA:16,1
DA:20,1
DA:24,1
DA:26,1
DA:27,0
DA:30,1
DA:31,1
DA:32,1
DA:35,1
DA:37,0
DA:38,0
DA:39,0
DA:43,1
LF:23
LH:19
BRDA:35,0,0,0
BRDA:35,0,1,1
BRF:2
BRH:1
end_of_record
TN:
SF:/home/anushkai/Desktop/Training/code/redux/fullStack/config/keys.js
FNF:0
FNH:0
DA:1,1
LF:1
LH:1
BRF:0
BRH:0
end_of_record
TN:
SF:/home/anushkai/Desktop/Training/code/redux/fullStack/models/Cart.js
FNF:0
FNH:0
DA:1,1
DA:2,1
DA:3,1
DA:6,1
DA:21,1
LF:5
LH:5
BRF:0
BRH:0
end_of_record
TN:
SF:/home/anushkai/Desktop/Training/code/redux/fullStack/models/Item.js
FNF:0
FNH:0
DA:1,1
DA:2,1
DA:5,1
DA:33,1
LF:4
LH:4
BRF:0
BRH:0
end_of_record
TN:
SF:/home/anushkai/Desktop/Training/code/redux/fullStack/models/User.js
FNF:0
FNH:0
DA:1,1
DA:2,1
DA:4,1
DA:37,1
LF:4
LH:4
BRF:0
BRH:0
end_of_record
TN:
SF:/home/anushkai/Desktop/Training/code/redux/fullStack/routes/api/carts.js
FN:15,(anonymous_0)
FN:18,(anonymous_1)
FN:19,(anonymous_2)
FN:25,(anonymous_3)
FN:31,(anonymous_4)
FN:52,(anonymous_5)
FN:55,(anonymous_6)
FN:57,(anonymous_7)
FN:63,(anonymous_8)
FN:66,(anonymous_9)
FN:68,(anonymous_10)
FN:80,(anonymous_11)
FN:86,(anonymous_12)
FN:87,(anonymous_13)
FN:98,(anonymous_14)
FN:99,(anonymous_15)
FN:112,(anonymous_16)
FN:119,(anonymous_17)
FN:127,(anonymous_18)
FN:128,(anonymous_19)
FN:137,(anonymous_20)
FN:138,(anonymous_21)
FNF:22
FNH:0
FNDA:0,(anonymous_0)
FNDA:0,(anonymous_1)
FNDA:0,(anonymous_2)
FNDA:0,(anonymous_3)
FNDA:0,(anonymous_4)
FNDA:0,(anonymous_5)
FNDA:0,(anonymous_6)
FNDA:0,(anonymous_7)
FNDA:0,(anonymous_8)
FNDA:0,(anonymous_9)
FNDA:0,(anonymous_10)
FNDA:0,(anonymous_11)
FNDA:0,(anonymous_12)
FNDA:0,(anonymous_13)
FNDA:0,(anonymous_14)
FNDA:0,(anonymous_15)
FNDA:0,(anonymous_16)
FNDA:0,(anonymous_17)
FNDA:0,(anonymous_18)
FNDA:0,(anonymous_19)
FNDA:0,(anonymous_20)
FNDA:0,(anonymous_21)
DA:1,1
DA:2,1
DA:3,1
DA:4,1
DA:8,1
DA:9,1
DA:10,1
DA:15,1
DA:16,0
DA:18,0
DA:19,0
DA:25,1
DA:26,0
DA:31,0
DA:32,0
DA:33,0
DA:34,0
DA:35,0
DA:36,0
DA:38,0
DA:39,0
DA:40,0
DA:41,0
DA:42,0
DA:43,0
DA:44,0
DA:46,0
DA:48,0
DA:49,0
DA:50,0
DA:53,0
DA:55,0
DA:57,0
DA:59,0
DA:60,0
DA:61,0
DA:64,0
DA:66,0
DA:68,0
DA:73,0
DA:80,1
DA:81,0
DA:82,0
DA:86,0
DA:87,0
DA:89,0
DA:98,1
DA:99,0
DA:100,0
DA:101,0
DA:102,0
DA:104,0
DA:113,0
DA:114,0
DA:116,0
DA:119,0
DA:127,1
DA:128,0
DA:129,0
DA:130,0
DA:131,0
DA:133,0
DA:134,0
DA:137,0
DA:138,0
DA:141,1
LF:66
LH:13
BRDA:26,0,0,0
BRDA:26,0,1,0
BRDA:27,1,0,0
BRDA:27,1,1,0
BRDA:27,1,2,0
BRDA:32,2,0,0
BRDA:32,2,1,0
BRDA:35,3,0,0
BRDA:35,3,1,0
BRDA:42,4,0,0
BRDA:42,4,1,0
BRDA:48,5,0,0
BRDA:48,5,1,0
BRDA:81,6,0,0
BRDA:81,6,1,0
BRDA:81,7,0,0
BRDA:81,7,1,0
BRDA:100,8,0,0
BRDA:100,8,1,0
BRDA:113,9,0,0
BRDA:113,9,1,0
BRDA:129,10,0,0
BRDA:129,10,1,0
BRF:23
BRH:0
end_of_record
TN:
SF:/home/anushkai/Desktop/Training/code/redux/fullStack/routes/api/items.js
FN:11,(anonymous_0)
FN:14,(anonymous_1)
FN:15,(anonymous_2)
FN:21,(anonymous_3)
FN:32,(anonymous_4)
FN:33,(anonymous_5)
FN:39,(anonymous_6)
FN:41,(anonymous_7)
FN:42,(anonymous_8)
FN:44,(anonymous_9)
FNF:10
FNH:0
FNDA:0,(anonymous_0)
FNDA:0,(anonymous_1)
FNDA:0,(anonymous_2)
FNDA:0,(anonymous_3)
FNDA:0,(anonymous_4)
FNDA:0,(anonymous_5)
FNDA:0,(anonymous_6)
FNDA:0,(anonymous_7)
FNDA:0,(anonymous_8)
FNDA:0,(anonymous_9)
DA:1,1
DA:2,1
DA:5,1
DA:6,1
DA:11,1
DA:12,0
DA:14,0
DA:15,0
DA:21,1
DA:22,0
DA:30,0
DA:32,0
DA:33,0
DA:39,1
DA:40,0
DA:42,0
DA:44,0
DA:47,1
LF:18
LH:8
BRF:0
BRH:0
end_of_record
TN:
SF:/home/anushkai/Desktop/Training/code/redux/fullStack/routes/api/user.js
FN:27,(anonymous_0)
FN:34,(anonymous_1)
FN:41,(anonymous_2)
FN:51,(anonymous_3)
FN:53,(anonymous_4)
FN:54,(anonymous_5)
FN:60,(anonymous_6)
FN:65,(anonymous_7)
FN:66,(anonymous_8)
FN:72,(anonymous_9)
FN:73,(anonymous_10)
FN:91,(anonymous_11)
FN:93,(anonymous_12)
FN:99,(anonymous_13)
FN:100,(anonymous_14)
FN:105,(anonymous_15)
FN:110,(anonymous_16)
FN:111,(anonymous_17)
FN:114,(anonymous_18)
FN:118,(anonymous_19)
FN:119,(anonymous_20)
FN:123,(anonymous_21)
FNF:22
FNH:0
FNDA:0,(anonymous_0)
FNDA:0,(anonymous_1)
FNDA:0,(anonymous_2)
FNDA:0,(anonymous_3)
FNDA:0,(anonymous_4)
FNDA:0,(anonymous_5)
FNDA:0,(anonymous_6)
FNDA:0,(anonymous_7)
FNDA:0,(anonymous_8)
FNDA:0,(anonymous_9)
FNDA:0,(anonymous_10)
FNDA:0,(anonymous_11)
FNDA:0,(anonymous_12)
FNDA:0,(anonymous_13)
FNDA:0,(anonymous_14)
FNDA:0,(anonymous_15)
FNDA:0,(anonymous_16)
FNDA:0,(anonymous_17)
FNDA:0,(anonymous_18)
FNDA:0,(anonymous_19)
FNDA:0,(anonymous_20)
FNDA:0,(anonymous_21)
DA:1,1
DA:2,1
DA:3,1
DA:4,1
DA:5,1
DA:6,1
DA:10,1
DA:11,1
DA:12,1
DA:17,1
DA:22,1
DA:27,1
DA:28,0
DA:34,1
DA:35,0
DA:41,1
DA:42,0
DA:51,1
DA:52,0
DA:53,0
DA:54,0
DA:60,1
DA:61,0
DA:65,0
DA:66,0
DA:72,1
DA:73,0
DA:74,0
DA:75,0
DA:76,0
DA:77,0
DA:78,0
DA:80,0
DA:84,0
DA:85,0
DA:86,0
DA:91,0
DA:93,0
DA:99,1
DA:100,0
DA:101,0
DA:102,0
DA:103,0
DA:105,0
DA:106,0
DA:107,0
DA:111,0
DA:114,0
DA:115,0
DA:119,0
DA:123,0
DA:131,1
DA:133,1
LF:53
LH:20
BRDA:74,0,0,0
BRDA:74,0,1,0
BRDA:77,1,0,0
BRDA:77,1,1,0
BRDA:101,2,0,0
BRDA:101,2,1,0
BRDA:106,3,0,0
BRDA:106,3,1,0
BRF:8
BRH:0
end_of_record
TN:
SF:/home/anushkai/Desktop/Training/code/redux/fullStack/routes/controllers/user.js
FN:9,(anonymous_0)
FN:12,(anonymous_1)
FN:18,(anonymous_2)
FN:32,(anonymous_3)
FN:37,(anonymous_4)
FN:48,(anonymous_5)
FN:51,(anonymous_6)
FN:57,(anonymous_7)
FN:79,(anonymous_8)
FN:87,(anonymous_9)
FN:90,(anonymous_10)
FN:95,(anonymous_11)
FNF:12
FNH:5
FNDA:1,(anonymous_0)
FNDA:1,(anonymous_1)
FNDA:0,(anonymous_2)
FNDA:0,(anonymous_3)
FNDA:0,(anonymous_4)
FNDA:1,(anonymous_5)
FNDA:1,(anonymous_6)
FNDA:1,(anonymous_7)
FNDA:0,(anonymous_8)
FNDA:0,(anonymous_9)
FNDA:0,(anonymous_10)
FNDA:0,(anonymous_11)
DA:1,1
DA:2,1
DA:3,1
DA:5,1
DA:7,1
DA:9,1
DA:10,1
DA:13,1
DA:14,1
DA:18,0
DA:19,0
DA:20,0
DA:24,0
DA:30,0
DA:33,0
DA:38,0
DA:48,1
DA:49,1
DA:52,1
DA:53,0
DA:57,1
DA:58,1
DA:59,0
DA:63,1
DA:64,1
DA:72,1
DA:74,0
DA:80,0
DA:81,0
DA:87,1
DA:88,0
DA:91,0
DA:96,0
DA:97,0
LF:34
LH:18
BRDA:13,0,0,1
BRDA:13,0,1,0
BRDA:19,1,0,0
BRDA:19,1,1,0
BRDA:52,2,0,0
BRDA:52,2,1,1
BRDA:58,3,0,0
BRDA:58,3,1,1
BRDA:63,4,0,1
BRDA:63,4,1,0
BRF:10
BRH:4
end_of_record
TN:
SF:/home/anushkai/Desktop/Training/code/redux/fullStack/routes/middleware/check-auth.js
FN:6,(anonymous_0)
FNF:1
FNH:0
FNDA:0,(anonymous_0)
DA:1,1
DA:2,1
DA:3,1
DA:4,1
DA:6,1
DA:7,0
DA:9,0
DA:13,0
DA:14,0
DA:15,0
DA:17,0
LF:11
LH:5
BRDA:9,0,0,0
BRDA:9,0,1,0
BRDA:9,0,2,0
BRDA:9,0,3,0
BRF:4
BRH:0
end_of_record
TN:
SF:/home/anushkai/Desktop/Training/code/redux/fullStack/routes/middleware/check-user.js
FN:9,(anonymous_0)
FN:12,(anonymous_1)
FNF:2
FNH:0
FNDA:0,(anonymous_0)
FNDA:0,(anonymous_1)
DA:1,1
DA:2,1
DA:3,1
DA:4,1
DA:6,1
DA:7,1
DA:9,1
DA:10,0
DA:11,0
DA:12,0
DA:13,0
DA:14,0
DA:15,0
DA:16,0
DA:19,0
DA:20,0
DA:22,0
LF:17
LH:7
BRDA:10,0,0,0
BRDA:10,0,1,0
BRDA:15,1,0,0
BRDA:15,1,1,0
BRDA:19,2,0,0
BRDA:19,2,1,0
BRF:6
BRH:0
end_of_record
